{"contracts/ContractErrors.sol":{"l":{},"path":"/Users/ball/Desktop/test_contract/cursor_hardhat_mml/mml_hardhat_contract-main/contracts/ContractErrors.sol","s":{},"b":{},"f":{},"fnMap":{},"statementMap":{},"branchMap":{}},"contracts/CryptoMembershipNFT.sol":{"l":{"80":276,"81":274,"85":120,"86":119,"90":235,"91":195,"92":195,"93":131,"97":256,"98":4,"99":252,"100":252,"104":154,"105":152,"112":6,"113":6,"114":6,"115":6,"116":6,"120":6,"121":96,"122":96,"123":96,"129":6,"130":6,"131":96,"136":96,"137":96,"147":136,"148":136,"149":3,"150":3,"152":133,"160":8,"161":6,"162":5,"163":4,"171":100,"172":2,"174":98,"175":98,"181":98,"182":98,"189":4,"190":4,"191":2,"192":2,"206":2,"207":1,"208":1,"223":2,"224":1,"225":1,"250":0,"260":152,"261":150,"262":147,"263":146,"265":146,"267":146,"268":57,"269":57,"271":0,"273":89,"274":72,"275":72,"276":72,"277":72,"280":129,"282":128,"283":128,"284":128,"286":128,"287":128,"288":128,"289":15,"290":15,"291":15,"294":128,"303":128,"310":128,"311":128,"312":128,"314":128,"316":128,"317":128,"321":128,"322":128,"326":128,"327":128,"339":214,"343":102,"344":102,"346":112,"347":72,"355":72,"356":72,"357":72,"358":72,"369":98,"370":10,"372":88,"374":88,"375":2,"376":86,"377":0,"379":86,"380":86,"381":0,"383":86,"385":86,"386":86,"388":86,"389":86,"390":86,"391":9,"392":9,"393":9,"396":86,"397":86,"399":86,"400":86,"401":86,"402":86,"403":86,"407":86,"414":86,"415":86,"416":86,"418":86,"419":46,"422":86,"423":86,"425":46,"426":46,"435":17,"436":17,"437":12,"439":5,"440":5,"442":5,"444":5,"445":5,"446":5,"447":5,"449":5,"450":5,"459":9,"460":6,"461":6,"470":3,"471":1,"472":1,"481":3,"482":1,"483":1,"498":4,"499":1,"501":3,"502":3,"503":3,"505":3,"506":5,"507":5,"508":1,"510":4,"511":2,"512":2,"513":2,"515":2,"516":2,"517":2,"519":0,"520":0,"521":0,"523":4,"524":4,"525":4,"528":2,"540":16,"541":0,"543":16,"544":16,"563":29,"588":6,"593":6,"608":0,"609":0,"610":0,"617":1,"618":1,"619":1,"623":3,"624":1,"628":0,"632":15,"633":10,"637":2,"638":2,"639":2,"643":4,"644":4,"648":8,"649":8,"653":4,"654":3,"655":3,"664":6,"665":5,"666":2,"668":3,"669":3,"671":3,"675":3,"677":3,"678":3,"679":3,"680":3,"682":3,"683":3,"684":3,"685":3,"687":0,"688":0,"690":0,"691":0,"692":0,"694":0,"696":0,"698":0,"702":3,"703":3,"704":3,"706":3,"708":3,"709":3,"711":0,"712":0,"713":0,"714":0,"715":0,"718":3,"722":5,"723":3,"724":3,"736":1,"739":1,"740":1,"748":4},"path":"/Users/ball/Desktop/test_contract/cursor_hardhat_mml/mml_hardhat_contract-main/contracts/CryptoMembershipNFT.sol","s":{"1":276,"2":120,"3":235,"4":256,"5":154,"6":6,"7":6,"8":6,"9":6,"10":6,"11":6,"12":96,"13":136,"14":136,"15":3,"16":133,"17":8,"18":6,"19":5,"20":4,"21":100,"22":98,"23":4,"24":4,"25":2,"26":2,"27":1,"28":1,"29":2,"30":1,"31":1,"32":0,"33":152,"34":150,"35":147,"36":146,"37":146,"38":146,"39":89,"40":89,"41":72,"42":129,"43":128,"44":128,"45":128,"46":128,"47":128,"48":15,"49":128,"50":128,"51":128,"52":128,"53":128,"54":128,"55":128,"56":214,"57":102,"58":112,"59":72,"60":72,"61":98,"62":88,"63":86,"64":86,"65":86,"66":86,"67":86,"68":86,"69":86,"70":86,"71":9,"72":86,"73":86,"74":86,"75":86,"76":46,"77":86,"78":86,"79":46,"80":46,"81":17,"82":17,"83":5,"84":5,"85":5,"86":5,"87":5,"88":5,"89":9,"90":6,"91":3,"92":1,"93":3,"94":1,"95":4,"96":3,"97":3,"98":3,"99":3,"100":5,"101":5,"102":4,"103":2,"104":2,"105":2,"106":0,"107":4,"108":2,"109":16,"110":16,"111":16,"112":29,"113":6,"114":6,"115":0,"116":0,"117":1,"118":1,"119":3,"120":0,"121":15,"122":2,"123":2,"124":4,"125":8,"126":4,"127":3,"128":6,"129":5,"130":3,"131":3,"132":3,"133":3,"134":3,"135":3,"136":3,"137":3,"138":3,"139":0,"140":0,"141":3,"142":3,"143":3,"144":0,"145":0,"146":5,"147":3,"148":1,"149":1,"150":1,"151":4},"b":{"1":[2,274],"2":[1,119],"3":[40,195],"4":[4,252],"5":[2,152],"6":[0,6],"7":[3,133],"8":[8,1],"9":[2,6],"10":[1,5],"11":[1,4],"12":[2,98],"13":[4,0],"14":[0,4],"15":[0,0],"16":[2,2],"17":[1,1],"18":[1,1],"19":[156,0],"20":[154,2],"21":[154,0],"22":[152,2],"23":[2,150],"24":[2,0],"25":[3,147],"26":[1,146],"27":[0,146],"28":[57,89],"29":[0,89],"30":[0,0],"31":[17,72],"32":[0,72],"33":[15,113],"34":[102,112],"35":[0,102],"36":[72,40],"37":[103,0],"38":[103,0],"39":[102,1],"40":[98,4],"41":[98,0],"42":[10,88],"43":[2,86],"44":[1,1],"45":[0,86],"46":[0,86],"47":[9,77],"48":[46,40],"49":[17,0],"50":[17,0],"51":[17,0],"52":[12,5],"53":[0,5],"54":[9,1],"55":[9,0],"56":[9,0],"57":[3,6],"58":[3,0],"59":[3,0],"60":[3,0],"61":[2,1],"62":[3,0],"63":[3,0],"64":[3,0],"65":[2,1],"66":[4,0],"67":[4,0],"68":[4,0],"69":[1,3],"70":[0,1],"71":[1,4],"72":[1,0],"73":[2,2],"74":[0,2],"75":[2,0],"76":[0,2],"77":[0,0],"78":[0,16],"79":[0,0],"80":[2,4],"81":[1,0],"82":[0,1],"83":[0,0],"84":[0,1],"85":[3,0],"86":[2,1],"87":[15,0],"88":[5,10],"89":[2,3],"90":[2,0],"91":[0,2],"92":[4,1],"93":[8,0],"94":[4,0],"95":[1,3],"96":[6,0],"97":[6,0],"98":[6,0],"99":[1,5],"100":[2,3],"101":[0,3],"102":[3,0],"103":[3,0],"104":[0,0],"105":[0,0],"106":[5,0],"107":[2,3]},"f":{"1":276,"2":120,"3":235,"4":256,"5":154,"6":6,"7":6,"8":6,"9":136,"10":8,"11":100,"12":4,"13":2,"14":2,"15":0,"16":152,"17":128,"18":128,"19":214,"20":72,"21":98,"22":17,"23":9,"24":3,"25":3,"26":4,"27":16,"28":29,"29":6,"30":0,"31":1,"32":3,"33":0,"34":15,"35":2,"36":4,"37":8,"38":4,"39":6,"40":5,"41":1,"42":4},"fnMap":{"1":{"name":"whenNotPaused","line":79,"loc":{"start":{"line":79,"column":4},"end":{"line":82,"column":4}}},"2":{"name":"onlyMember","line":84,"loc":{"start":{"line":84,"column":4},"end":{"line":87,"column":4}}},"3":{"name":"noReentrantTransfer","line":89,"loc":{"start":{"line":89,"column":4},"end":{"line":94,"column":4}}},"4":{"name":"preventFrontRunning","line":96,"loc":{"start":{"line":96,"column":4},"end":{"line":101,"column":4}}},"5":{"name":"validAddress","line":103,"loc":{"start":{"line":103,"column":4},"end":{"line":106,"column":4}}},"6":{"name":"constructor","line":110,"loc":{"start":{"line":108,"column":4},"end":{"line":117,"column":4}}},"7":{"name":"_setupDefaultImages","line":119,"loc":{"start":{"line":119,"column":4},"end":{"line":126,"column":4}}},"8":{"name":"_createDefaultPlans","line":128,"loc":{"start":{"line":128,"column":4},"end":{"line":140,"column":4}}},"9":{"name":"_update","line":142,"loc":{"start":{"line":142,"column":4},"end":{"line":153,"column":4}}},"10":{"name":"createPlan","line":159,"loc":{"start":{"line":155,"column":4},"end":{"line":164,"column":4}}},"11":{"name":"_createPlan","line":166,"loc":{"start":{"line":166,"column":4},"end":{"line":183,"column":4}}},"12":{"name":"setPlanDefaultImage","line":187,"loc":{"start":{"line":185,"column":4},"end":{"line":193,"column":4}}},"13":{"name":"getNFTImage","line":195,"loc":{"start":{"line":195,"column":4},"end":{"line":215,"column":4}}},"14":{"name":"tokenURI","line":217,"loc":{"start":{"line":217,"column":4},"end":{"line":247,"column":4}}},"15":{"name":"isTokenTransferable","line":249,"loc":{"start":{"line":249,"column":4},"end":{"line":251,"column":4}}},"16":{"name":"registerMember","line":258,"loc":{"start":{"line":253,"column":4},"end":{"line":318,"column":4}}},"17":{"name":"_safeMintWithNotice","line":320,"loc":{"start":{"line":320,"column":4},"end":{"line":323,"column":4}}},"18":{"name":"_setTokenImage","line":325,"loc":{"start":{"line":325,"column":4},"end":{"line":334,"column":4}}},"19":{"name":"_handleUplinePayment","line":336,"loc":{"start":{"line":336,"column":4},"end":{"line":348,"column":4}}},"20":{"name":"_payReferralCommission","line":354,"loc":{"start":{"line":350,"column":4},"end":{"line":359,"column":4}}},"21":{"name":"upgradePlan","line":367,"loc":{"start":{"line":361,"column":4},"end":{"line":432,"column":4}}},"22":{"name":"exitMembership","line":434,"loc":{"start":{"line":434,"column":4},"end":{"line":451,"column":4}}},"23":{"name":"withdrawOwnerBalance","line":457,"loc":{"start":{"line":453,"column":4},"end":{"line":462,"column":4}}},"24":{"name":"withdrawFeeSystemBalance","line":468,"loc":{"start":{"line":464,"column":4},"end":{"line":473,"column":4}}},"25":{"name":"withdrawFundBalance","line":479,"loc":{"start":{"line":475,"column":4},"end":{"line":484,"column":4}}},"26":{"name":"batchWithdraw","line":496,"loc":{"start":{"line":492,"column":4},"end":{"line":529,"column":4}}},"27":{"name":"getPlanCycleInfo","line":531,"loc":{"start":{"line":531,"column":4},"end":{"line":549,"column":4}}},"28":{"name":"getSystemStats","line":551,"loc":{"start":{"line":551,"column":4},"end":{"line":574,"column":4}}},"29":{"name":"getContractStatus","line":576,"loc":{"start":{"line":576,"column":4},"end":{"line":601,"column":4}}},"30":{"name":"getReferralChain","line":603,"loc":{"start":{"line":603,"column":4},"end":{"line":611,"column":4}}},"31":{"name":"updateMembersPerCycle","line":615,"loc":{"start":{"line":613,"column":4},"end":{"line":620,"column":4}}},"32":{"name":"setBaseURI","line":622,"loc":{"start":{"line":622,"column":4},"end":{"line":625,"column":4}}},"33":{"name":"_baseURI","line":627,"loc":{"start":{"line":627,"column":4},"end":{"line":629,"column":4}}},"34":{"name":"setPlanStatus","line":631,"loc":{"start":{"line":631,"column":4},"end":{"line":634,"column":4}}},"35":{"name":"setPriceFeed","line":636,"loc":{"start":{"line":636,"column":4},"end":{"line":640,"column":4}}},"36":{"name":"setPaused","line":642,"loc":{"start":{"line":642,"column":4},"end":{"line":645,"column":4}}},"37":{"name":"requestEmergencyWithdraw","line":647,"loc":{"start":{"line":647,"column":4},"end":{"line":650,"column":4}}},"38":{"name":"cancelEmergencyWithdraw","line":652,"loc":{"start":{"line":652,"column":4},"end":{"line":656,"column":4}}},"39":{"name":"emergencyWithdraw","line":662,"loc":{"start":{"line":658,"column":4},"end":{"line":719,"column":4}}},"40":{"name":"restartAfterPause","line":721,"loc":{"start":{"line":721,"column":4},"end":{"line":725,"column":4}}},"41":{"name":"validateContractBalance","line":727,"loc":{"start":{"line":727,"column":4},"end":{"line":745,"column":4}}},"42":{"name":"_exists","line":747,"loc":{"start":{"line":747,"column":4},"end":{"line":749,"column":4}}}},"statementMap":{"1":{"start":{"line":80,"column":8},"end":{"line":80,"column":56}},"2":{"start":{"line":85,"column":8},"end":{"line":85,"column":73}},"3":{"start":{"line":90,"column":8},"end":{"line":90,"column":69}},"4":{"start":{"line":97,"column":8},"end":{"line":97,"column":4142}},"5":{"start":{"line":104,"column":8},"end":{"line":104,"column":68}},"6":{"start":{"line":114,"column":8},"end":{"line":114,"column":72}},"7":{"start":{"line":115,"column":8},"end":{"line":115,"column":28}},"8":{"start":{"line":116,"column":8},"end":{"line":116,"column":28}},"9":{"start":{"line":120,"column":8},"end":{"line":120,"column":4902}},"10":{"start":{"line":129,"column":8},"end":{"line":129,"column":44}},"11":{"start":{"line":130,"column":8},"end":{"line":130,"column":5184}},"12":{"start":{"line":131,"column":12},"end":{"line":131,"column":5234}},"13":{"start":{"line":147,"column":8},"end":{"line":147,"column":40}},"14":{"start":{"line":148,"column":8},"end":{"line":148,"column":5644}},"15":{"start":{"line":149,"column":12},"end":{"line":149,"column":58}},"16":{"start":{"line":152,"column":8},"end":{"line":152,"column":47}},"17":{"start":{"line":160,"column":8},"end":{"line":160,"column":98}},"18":{"start":{"line":161,"column":8},"end":{"line":161,"column":71}},"19":{"start":{"line":162,"column":8},"end":{"line":162,"column":58}},"20":{"start":{"line":163,"column":8},"end":{"line":163,"column":51}},"21":{"start":{"line":171,"column":8},"end":{"line":171,"column":6502}},"22":{"start":{"line":182,"column":8},"end":{"line":182,"column":74}},"23":{"start":{"line":189,"column":8},"end":{"line":189,"column":92}},"24":{"start":{"line":190,"column":8},"end":{"line":190,"column":74}},"25":{"start":{"line":192,"column":8},"end":{"line":192,"column":52}},"26":{"start":{"line":206,"column":8},"end":{"line":206,"column":72}},"27":{"start":{"line":207,"column":8},"end":{"line":207,"column":53}},"28":{"start":{"line":208,"column":8},"end":{"line":208,"column":7776}},"29":{"start":{"line":223,"column":8},"end":{"line":223,"column":72}},"30":{"start":{"line":224,"column":8},"end":{"line":224,"column":53}},"31":{"start":{"line":225,"column":8},"end":{"line":225,"column":8221}},"32":{"start":{"line":250,"column":8},"end":{"line":250,"column":20}},"33":{"start":{"line":260,"column":8},"end":{"line":260,"column":88}},"34":{"start":{"line":261,"column":8},"end":{"line":261,"column":74}},"35":{"start":{"line":262,"column":8},"end":{"line":262,"column":76}},"36":{"start":{"line":263,"column":8},"end":{"line":263,"column":94}},"37":{"start":{"line":265,"column":8},"end":{"line":265,"column":27}},"38":{"start":{"line":267,"column":8},"end":{"line":267,"column":9849}},"39":{"start":{"line":270,"column":15},"end":{"line":270,"column":9986}},"40":{"start":{"line":273,"column":12},"end":{"line":273,"column":80}},"41":{"start":{"line":274,"column":12},"end":{"line":274,"column":88}},"42":{"start":{"line":280,"column":8},"end":{"line":280,"column":82}},"43":{"start":{"line":282,"column":8},"end":{"line":282,"column":48}},"44":{"start":{"line":283,"column":8},"end":{"line":283,"column":47}},"45":{"start":{"line":284,"column":8},"end":{"line":284,"column":39}},"46":{"start":{"line":286,"column":8},"end":{"line":286,"column":71}},"47":{"start":{"line":288,"column":8},"end":{"line":288,"column":10801}},"48":{"start":{"line":291,"column":12},"end":{"line":291,"column":65}},"49":{"start":{"line":303,"column":8},"end":{"line":303,"column":11335}},"50":{"start":{"line":314,"column":8},"end":{"line":314,"column":53}},"51":{"start":{"line":316,"column":8},"end":{"line":316,"column":62}},"52":{"start":{"line":317,"column":8},"end":{"line":317,"column":87}},"53":{"start":{"line":321,"column":8},"end":{"line":321,"column":29}},"54":{"start":{"line":322,"column":8},"end":{"line":322,"column":62}},"55":{"start":{"line":326,"column":8},"end":{"line":326,"column":47}},"56":{"start":{"line":339,"column":8},"end":{"line":339,"column":12514}},"57":{"start":{"line":344,"column":12},"end":{"line":344,"column":18}},"58":{"start":{"line":346,"column":8},"end":{"line":346,"column":64}},"59":{"start":{"line":355,"column":8},"end":{"line":355,"column":43}},"60":{"start":{"line":358,"column":8},"end":{"line":358,"column":46}},"61":{"start":{"line":369,"column":8},"end":{"line":369,"column":13430}},"62":{"start":{"line":374,"column":8},"end":{"line":374,"column":13649}},"63":{"start":{"line":376,"column":8},"end":{"line":376,"column":13763}},"64":{"start":{"line":379,"column":8},"end":{"line":379,"column":65}},"65":{"start":{"line":380,"column":8},"end":{"line":380,"column":13927}},"66":{"start":{"line":383,"column":8},"end":{"line":383,"column":86}},"67":{"start":{"line":385,"column":8},"end":{"line":385,"column":41}},"68":{"start":{"line":386,"column":8},"end":{"line":386,"column":38}},"69":{"start":{"line":388,"column":8},"end":{"line":388,"column":74}},"70":{"start":{"line":390,"column":8},"end":{"line":390,"column":14286}},"71":{"start":{"line":393,"column":12},"end":{"line":393,"column":68}},"72":{"start":{"line":399,"column":8},"end":{"line":399,"column":60}},"73":{"start":{"line":400,"column":8},"end":{"line":400,"column":53}},"74":{"start":{"line":407,"column":8},"end":{"line":407,"column":15027}},"75":{"start":{"line":418,"column":8},"end":{"line":418,"column":15319}},"76":{"start":{"line":419,"column":12},"end":{"line":419,"column":74}},"77":{"start":{"line":422,"column":8},"end":{"line":422,"column":77}},"78":{"start":{"line":423,"column":8},"end":{"line":423,"column":48}},"79":{"start":{"line":425,"column":8},"end":{"line":425,"column":62}},"80":{"start":{"line":426,"column":8},"end":{"line":426,"column":15686}},"81":{"start":{"line":435,"column":8},"end":{"line":435,"column":65}},"82":{"start":{"line":436,"column":8},"end":{"line":436,"column":16033}},"83":{"start":{"line":439,"column":8},"end":{"line":439,"column":70}},"84":{"start":{"line":440,"column":8},"end":{"line":440,"column":84}},"85":{"start":{"line":444,"column":8},"end":{"line":444,"column":60}},"86":{"start":{"line":446,"column":8},"end":{"line":446,"column":21}},"87":{"start":{"line":449,"column":8},"end":{"line":449,"column":55}},"88":{"start":{"line":450,"column":8},"end":{"line":450,"column":51}},"89":{"start":{"line":459,"column":8},"end":{"line":459,"column":80}},"90":{"start":{"line":461,"column":8},"end":{"line":461,"column":46}},"91":{"start":{"line":470,"column":8},"end":{"line":470,"column":82}},"92":{"start":{"line":472,"column":8},"end":{"line":472,"column":46}},"93":{"start":{"line":481,"column":8},"end":{"line":481,"column":78}},"94":{"start":{"line":483,"column":8},"end":{"line":483,"column":46}},"95":{"start":{"line":498,"column":8},"end":{"line":498,"column":17938}},"96":{"start":{"line":501,"column":8},"end":{"line":501,"column":26}},"97":{"start":{"line":502,"column":8},"end":{"line":502,"column":24}},"98":{"start":{"line":503,"column":8},"end":{"line":503,"column":25}},"99":{"start":{"line":505,"column":8},"end":{"line":505,"column":18108}},"100":{"start":{"line":506,"column":12},"end":{"line":506,"column":56}},"101":{"start":{"line":507,"column":12},"end":{"line":507,"column":18271}},"102":{"start":{"line":510,"column":12},"end":{"line":510,"column":18369}},"103":{"start":{"line":511,"column":16},"end":{"line":511,"column":92}},"104":{"start":{"line":514,"column":19},"end":{"line":514,"column":18606}},"105":{"start":{"line":515,"column":16},"end":{"line":515,"column":94}},"106":{"start":{"line":519,"column":16},"end":{"line":519,"column":90}},"107":{"start":{"line":523,"column":12},"end":{"line":523,"column":60}},"108":{"start":{"line":528,"column":8},"end":{"line":528,"column":70}},"109":{"start":{"line":540,"column":8},"end":{"line":540,"column":19547}},"110":{"start":{"line":543,"column":8},"end":{"line":543,"column":70}},"111":{"start":{"line":544,"column":8},"end":{"line":544,"column":19703}},"112":{"start":{"line":563,"column":8},"end":{"line":563,"column":20172}},"113":{"start":{"line":588,"column":8},"end":{"line":588,"column":20865}},"114":{"start":{"line":593,"column":8},"end":{"line":593,"column":21071}},"115":{"start":{"line":608,"column":8},"end":{"line":608,"column":49}},"116":{"start":{"line":610,"column":8},"end":{"line":610,"column":20}},"117":{"start":{"line":617,"column":8},"end":{"line":617,"column":92}},"118":{"start":{"line":618,"column":8},"end":{"line":618,"column":101}},"119":{"start":{"line":623,"column":8},"end":{"line":623,"column":72}},"120":{"start":{"line":628,"column":8},"end":{"line":628,"column":28}},"121":{"start":{"line":632,"column":8},"end":{"line":632,"column":92}},"122":{"start":{"line":637,"column":8},"end":{"line":637,"column":73}},"123":{"start":{"line":639,"column":8},"end":{"line":639,"column":41}},"124":{"start":{"line":644,"column":8},"end":{"line":644,"column":36}},"125":{"start":{"line":649,"column":8},"end":{"line":649,"column":56}},"126":{"start":{"line":653,"column":8},"end":{"line":653,"column":86}},"127":{"start":{"line":655,"column":8},"end":{"line":655,"column":42}},"128":{"start":{"line":664,"column":8},"end":{"line":664,"column":86}},"129":{"start":{"line":665,"column":8},"end":{"line":665,"column":23583}},"130":{"start":{"line":668,"column":8},"end":{"line":668,"column":68}},"131":{"start":{"line":669,"column":8},"end":{"line":669,"column":69}},"132":{"start":{"line":671,"column":8},"end":{"line":671,"column":23849}},"133":{"start":{"line":675,"column":8},"end":{"line":675,"column":73}},"134":{"start":{"line":677,"column":8},"end":{"line":677,"column":24034}},"135":{"start":{"line":678,"column":12},"end":{"line":678,"column":30}},"136":{"start":{"line":679,"column":12},"end":{"line":679,"column":28}},"137":{"start":{"line":680,"column":12},"end":{"line":680,"column":29}},"138":{"start":{"line":682,"column":12},"end":{"line":682,"column":24176}},"139":{"start":{"line":690,"column":16},"end":{"line":690,"column":24591}},"140":{"start":{"line":691,"column":20},"end":{"line":691,"column":24663}},"141":{"start":{"line":706,"column":12},"end":{"line":706,"column":59}},"142":{"start":{"line":708,"column":12},"end":{"line":708,"column":60}},"143":{"start":{"line":709,"column":12},"end":{"line":709,"column":66}},"144":{"start":{"line":714,"column":12},"end":{"line":714,"column":59}},"145":{"start":{"line":715,"column":12},"end":{"line":715,"column":60}},"146":{"start":{"line":722,"column":8},"end":{"line":722,"column":60}},"147":{"start":{"line":724,"column":8},"end":{"line":724,"column":34}},"148":{"start":{"line":736,"column":8},"end":{"line":736,"column":26073}},"149":{"start":{"line":739,"column":8},"end":{"line":739,"column":66}},"150":{"start":{"line":740,"column":8},"end":{"line":740,"column":26248}},"151":{"start":{"line":748,"column":8},"end":{"line":748,"column":46}}},"branchMap":{"1":{"line":80,"type":"if","locations":[{"start":{"line":80,"column":8},"end":{"line":80,"column":8}},{"start":{"line":80,"column":8},"end":{"line":80,"column":8}}]},"2":{"line":85,"type":"if","locations":[{"start":{"line":85,"column":8},"end":{"line":85,"column":8}},{"start":{"line":85,"column":8},"end":{"line":85,"column":8}}]},"3":{"line":90,"type":"if","locations":[{"start":{"line":90,"column":8},"end":{"line":90,"column":8}},{"start":{"line":90,"column":8},"end":{"line":90,"column":8}}]},"4":{"line":97,"type":"if","locations":[{"start":{"line":97,"column":8},"end":{"line":97,"column":8}},{"start":{"line":97,"column":8},"end":{"line":97,"column":8}}]},"5":{"line":104,"type":"if","locations":[{"start":{"line":104,"column":8},"end":{"line":104,"column":8}},{"start":{"line":104,"column":8},"end":{"line":104,"column":8}}]},"6":{"line":114,"type":"if","locations":[{"start":{"line":114,"column":8},"end":{"line":114,"column":8}},{"start":{"line":114,"column":8},"end":{"line":114,"column":8}}]},"7":{"line":148,"type":"if","locations":[{"start":{"line":148,"column":8},"end":{"line":148,"column":8}},{"start":{"line":148,"column":8},"end":{"line":148,"column":8}}]},"8":{"line":159,"type":"if","locations":[{"start":{"line":159,"column":15},"end":{"line":159,"column":15}},{"start":{"line":159,"column":15},"end":{"line":159,"column":15}}]},"9":{"line":160,"type":"if","locations":[{"start":{"line":160,"column":8},"end":{"line":160,"column":8}},{"start":{"line":160,"column":8},"end":{"line":160,"column":8}}]},"10":{"line":161,"type":"if","locations":[{"start":{"line":161,"column":8},"end":{"line":161,"column":8}},{"start":{"line":161,"column":8},"end":{"line":161,"column":8}}]},"11":{"line":162,"type":"if","locations":[{"start":{"line":162,"column":8},"end":{"line":162,"column":8}},{"start":{"line":162,"column":8},"end":{"line":162,"column":8}}]},"12":{"line":171,"type":"if","locations":[{"start":{"line":171,"column":8},"end":{"line":171,"column":8}},{"start":{"line":171,"column":8},"end":{"line":171,"column":8}}]},"13":{"line":187,"type":"if","locations":[{"start":{"line":187,"column":8},"end":{"line":187,"column":8}},{"start":{"line":187,"column":8},"end":{"line":187,"column":8}}]},"14":{"line":189,"type":"if","locations":[{"start":{"line":189,"column":8},"end":{"line":189,"column":8}},{"start":{"line":189,"column":8},"end":{"line":189,"column":8}}]},"15":{"line":189,"type":"cond-expr","locations":[{"start":{"line":189,"column":12},"end":{"line":189,"column":23}},{"start":{"line":189,"column":28},"end":{"line":189,"column":52}}]},"16":{"line":190,"type":"if","locations":[{"start":{"line":190,"column":8},"end":{"line":190,"column":8}},{"start":{"line":190,"column":8},"end":{"line":190,"column":8}}]},"17":{"line":206,"type":"if","locations":[{"start":{"line":206,"column":8},"end":{"line":206,"column":8}},{"start":{"line":206,"column":8},"end":{"line":206,"column":8}}]},"18":{"line":223,"type":"if","locations":[{"start":{"line":223,"column":8},"end":{"line":223,"column":8}},{"start":{"line":223,"column":8},"end":{"line":223,"column":8}}]},"19":{"line":255,"type":"if","locations":[{"start":{"line":255,"column":8},"end":{"line":255,"column":8}},{"start":{"line":255,"column":8},"end":{"line":255,"column":8}}]},"20":{"line":256,"type":"if","locations":[{"start":{"line":256,"column":8},"end":{"line":256,"column":8}},{"start":{"line":256,"column":8},"end":{"line":256,"column":8}}]},"21":{"line":257,"type":"if","locations":[{"start":{"line":257,"column":8},"end":{"line":257,"column":8}},{"start":{"line":257,"column":8},"end":{"line":257,"column":8}}]},"22":{"line":258,"type":"if","locations":[{"start":{"line":258,"column":8},"end":{"line":258,"column":8}},{"start":{"line":258,"column":8},"end":{"line":258,"column":8}}]},"23":{"line":260,"type":"if","locations":[{"start":{"line":260,"column":8},"end":{"line":260,"column":8}},{"start":{"line":260,"column":8},"end":{"line":260,"column":8}}]},"24":{"line":260,"type":"cond-expr","locations":[{"start":{"line":260,"column":12},"end":{"line":260,"column":23}},{"start":{"line":260,"column":28},"end":{"line":260,"column":52}}]},"25":{"line":261,"type":"if","locations":[{"start":{"line":261,"column":8},"end":{"line":261,"column":8}},{"start":{"line":261,"column":8},"end":{"line":261,"column":8}}]},"26":{"line":262,"type":"if","locations":[{"start":{"line":262,"column":8},"end":{"line":262,"column":8}},{"start":{"line":262,"column":8},"end":{"line":262,"column":8}}]},"27":{"line":263,"type":"if","locations":[{"start":{"line":263,"column":8},"end":{"line":263,"column":8}},{"start":{"line":263,"column":8},"end":{"line":263,"column":8}}]},"28":{"line":267,"type":"if","locations":[{"start":{"line":267,"column":8},"end":{"line":267,"column":8}},{"start":{"line":267,"column":8},"end":{"line":267,"column":8}}]},"29":{"line":270,"type":"if","locations":[{"start":{"line":270,"column":15},"end":{"line":270,"column":15}},{"start":{"line":270,"column":15},"end":{"line":270,"column":15}}]},"30":{"line":270,"type":"cond-expr","locations":[{"start":{"line":270,"column":19},"end":{"line":270,"column":39}},{"start":{"line":270,"column":44},"end":{"line":270,"column":64}}]},"31":{"line":273,"type":"if","locations":[{"start":{"line":273,"column":12},"end":{"line":273,"column":12}},{"start":{"line":273,"column":12},"end":{"line":273,"column":12}}]},"32":{"line":274,"type":"if","locations":[{"start":{"line":274,"column":12},"end":{"line":274,"column":12}},{"start":{"line":274,"column":12},"end":{"line":274,"column":12}}]},"33":{"line":288,"type":"if","locations":[{"start":{"line":288,"column":8},"end":{"line":288,"column":8}},{"start":{"line":288,"column":8},"end":{"line":288,"column":8}}]},"34":{"line":339,"type":"if","locations":[{"start":{"line":339,"column":8},"end":{"line":339,"column":8}},{"start":{"line":339,"column":8},"end":{"line":339,"column":8}}]},"35":{"line":340,"type":"cond-expr","locations":[{"start":{"line":340,"column":12},"end":{"line":340,"column":32}},{"start":{"line":341,"column":12},"end":{"line":341,"column":63}}]},"36":{"line":354,"type":"if","locations":[{"start":{"line":354,"column":15},"end":{"line":354,"column":15}},{"start":{"line":354,"column":15},"end":{"line":354,"column":15}}]},"37":{"line":363,"type":"if","locations":[{"start":{"line":363,"column":8},"end":{"line":363,"column":8}},{"start":{"line":363,"column":8},"end":{"line":363,"column":8}}]},"38":{"line":364,"type":"if","locations":[{"start":{"line":364,"column":8},"end":{"line":364,"column":8}},{"start":{"line":364,"column":8},"end":{"line":364,"column":8}}]},"39":{"line":365,"type":"if","locations":[{"start":{"line":365,"column":8},"end":{"line":365,"column":8}},{"start":{"line":365,"column":8},"end":{"line":365,"column":8}}]},"40":{"line":366,"type":"if","locations":[{"start":{"line":366,"column":8},"end":{"line":366,"column":8}},{"start":{"line":366,"column":8},"end":{"line":366,"column":8}}]},"41":{"line":367,"type":"if","locations":[{"start":{"line":367,"column":8},"end":{"line":367,"column":8}},{"start":{"line":367,"column":8},"end":{"line":367,"column":8}}]},"42":{"line":369,"type":"if","locations":[{"start":{"line":369,"column":8},"end":{"line":369,"column":8}},{"start":{"line":369,"column":8},"end":{"line":369,"column":8}}]},"43":{"line":374,"type":"if","locations":[{"start":{"line":374,"column":8},"end":{"line":374,"column":8}},{"start":{"line":374,"column":8},"end":{"line":374,"column":8}}]},"44":{"line":374,"type":"cond-expr","locations":[{"start":{"line":374,"column":12},"end":{"line":374,"column":26}},{"start":{"line":374,"column":31},"end":{"line":374,"column":58}}]},"45":{"line":376,"type":"if","locations":[{"start":{"line":376,"column":8},"end":{"line":376,"column":8}},{"start":{"line":376,"column":8},"end":{"line":376,"column":8}}]},"46":{"line":380,"type":"if","locations":[{"start":{"line":380,"column":8},"end":{"line":380,"column":8}},{"start":{"line":380,"column":8},"end":{"line":380,"column":8}}]},"47":{"line":390,"type":"if","locations":[{"start":{"line":390,"column":8},"end":{"line":390,"column":8}},{"start":{"line":390,"column":8},"end":{"line":390,"column":8}}]},"48":{"line":418,"type":"if","locations":[{"start":{"line":418,"column":8},"end":{"line":418,"column":8}},{"start":{"line":418,"column":8},"end":{"line":418,"column":8}}]},"49":{"line":434,"type":"if","locations":[{"start":{"line":434,"column":39},"end":{"line":434,"column":39}},{"start":{"line":434,"column":39},"end":{"line":434,"column":39}}]},"50":{"line":434,"type":"if","locations":[{"start":{"line":434,"column":52},"end":{"line":434,"column":52}},{"start":{"line":434,"column":52},"end":{"line":434,"column":52}}]},"51":{"line":434,"type":"if","locations":[{"start":{"line":434,"column":66},"end":{"line":434,"column":66}},{"start":{"line":434,"column":66},"end":{"line":434,"column":66}}]},"52":{"line":436,"type":"if","locations":[{"start":{"line":436,"column":8},"end":{"line":436,"column":8}},{"start":{"line":436,"column":8},"end":{"line":436,"column":8}}]},"53":{"line":440,"type":"if","locations":[{"start":{"line":440,"column":8},"end":{"line":440,"column":8}},{"start":{"line":440,"column":8},"end":{"line":440,"column":8}}]},"54":{"line":455,"type":"if","locations":[{"start":{"line":455,"column":8},"end":{"line":455,"column":8}},{"start":{"line":455,"column":8},"end":{"line":455,"column":8}}]},"55":{"line":456,"type":"if","locations":[{"start":{"line":456,"column":8},"end":{"line":456,"column":8}},{"start":{"line":456,"column":8},"end":{"line":456,"column":8}}]},"56":{"line":457,"type":"if","locations":[{"start":{"line":457,"column":8},"end":{"line":457,"column":8}},{"start":{"line":457,"column":8},"end":{"line":457,"column":8}}]},"57":{"line":459,"type":"if","locations":[{"start":{"line":459,"column":8},"end":{"line":459,"column":8}},{"start":{"line":459,"column":8},"end":{"line":459,"column":8}}]},"58":{"line":466,"type":"if","locations":[{"start":{"line":466,"column":8},"end":{"line":466,"column":8}},{"start":{"line":466,"column":8},"end":{"line":466,"column":8}}]},"59":{"line":467,"type":"if","locations":[{"start":{"line":467,"column":8},"end":{"line":467,"column":8}},{"start":{"line":467,"column":8},"end":{"line":467,"column":8}}]},"60":{"line":468,"type":"if","locations":[{"start":{"line":468,"column":8},"end":{"line":468,"column":8}},{"start":{"line":468,"column":8},"end":{"line":468,"column":8}}]},"61":{"line":470,"type":"if","locations":[{"start":{"line":470,"column":8},"end":{"line":470,"column":8}},{"start":{"line":470,"column":8},"end":{"line":470,"column":8}}]},"62":{"line":477,"type":"if","locations":[{"start":{"line":477,"column":8},"end":{"line":477,"column":8}},{"start":{"line":477,"column":8},"end":{"line":477,"column":8}}]},"63":{"line":478,"type":"if","locations":[{"start":{"line":478,"column":8},"end":{"line":478,"column":8}},{"start":{"line":478,"column":8},"end":{"line":478,"column":8}}]},"64":{"line":479,"type":"if","locations":[{"start":{"line":479,"column":8},"end":{"line":479,"column":8}},{"start":{"line":479,"column":8},"end":{"line":479,"column":8}}]},"65":{"line":481,"type":"if","locations":[{"start":{"line":481,"column":8},"end":{"line":481,"column":8}},{"start":{"line":481,"column":8},"end":{"line":481,"column":8}}]},"66":{"line":494,"type":"if","locations":[{"start":{"line":494,"column":8},"end":{"line":494,"column":8}},{"start":{"line":494,"column":8},"end":{"line":494,"column":8}}]},"67":{"line":495,"type":"if","locations":[{"start":{"line":495,"column":8},"end":{"line":495,"column":8}},{"start":{"line":495,"column":8},"end":{"line":495,"column":8}}]},"68":{"line":496,"type":"if","locations":[{"start":{"line":496,"column":8},"end":{"line":496,"column":8}},{"start":{"line":496,"column":8},"end":{"line":496,"column":8}}]},"69":{"line":498,"type":"if","locations":[{"start":{"line":498,"column":8},"end":{"line":498,"column":8}},{"start":{"line":498,"column":8},"end":{"line":498,"column":8}}]},"70":{"line":498,"type":"cond-expr","locations":[{"start":{"line":498,"column":12},"end":{"line":498,"column":31}},{"start":{"line":498,"column":36},"end":{"line":498,"column":55}}]},"71":{"line":507,"type":"if","locations":[{"start":{"line":507,"column":12},"end":{"line":507,"column":12}},{"start":{"line":507,"column":12},"end":{"line":507,"column":12}}]},"72":{"line":507,"type":"cond-expr","locations":[{"start":{"line":507,"column":16},"end":{"line":507,"column":42}},{"start":{"line":507,"column":47},"end":{"line":507,"column":61}}]},"73":{"line":510,"type":"if","locations":[{"start":{"line":510,"column":12},"end":{"line":510,"column":12}},{"start":{"line":510,"column":12},"end":{"line":510,"column":12}}]},"74":{"line":511,"type":"if","locations":[{"start":{"line":511,"column":16},"end":{"line":511,"column":16}},{"start":{"line":511,"column":16},"end":{"line":511,"column":16}}]},"75":{"line":514,"type":"if","locations":[{"start":{"line":514,"column":19},"end":{"line":514,"column":19}},{"start":{"line":514,"column":19},"end":{"line":514,"column":19}}]},"76":{"line":515,"type":"if","locations":[{"start":{"line":515,"column":16},"end":{"line":515,"column":16}},{"start":{"line":515,"column":16},"end":{"line":515,"column":16}}]},"77":{"line":519,"type":"if","locations":[{"start":{"line":519,"column":16},"end":{"line":519,"column":16}},{"start":{"line":519,"column":16},"end":{"line":519,"column":16}}]},"78":{"line":540,"type":"if","locations":[{"start":{"line":540,"column":8},"end":{"line":540,"column":8}},{"start":{"line":540,"column":8},"end":{"line":540,"column":8}}]},"79":{"line":540,"type":"cond-expr","locations":[{"start":{"line":540,"column":12},"end":{"line":540,"column":23}},{"start":{"line":540,"column":28},"end":{"line":540,"column":52}}]},"80":{"line":589,"type":"if","locations":[{"start":{"line":589,"column":14},"end":{"line":591,"column":30}},{"start":{"line":592,"column":14},"end":{"line":592,"column":14}}]},"81":{"line":615,"type":"if","locations":[{"start":{"line":615,"column":8},"end":{"line":615,"column":8}},{"start":{"line":615,"column":8},"end":{"line":615,"column":8}}]},"82":{"line":617,"type":"if","locations":[{"start":{"line":617,"column":8},"end":{"line":617,"column":8}},{"start":{"line":617,"column":8},"end":{"line":617,"column":8}}]},"83":{"line":617,"type":"cond-expr","locations":[{"start":{"line":617,"column":12},"end":{"line":617,"column":23}},{"start":{"line":617,"column":28},"end":{"line":617,"column":52}}]},"84":{"line":618,"type":"if","locations":[{"start":{"line":618,"column":8},"end":{"line":618,"column":8}},{"start":{"line":618,"column":8},"end":{"line":618,"column":8}}]},"85":{"line":622,"type":"if","locations":[{"start":{"line":622,"column":58},"end":{"line":622,"column":58}},{"start":{"line":622,"column":58},"end":{"line":622,"column":58}}]},"86":{"line":623,"type":"if","locations":[{"start":{"line":623,"column":8},"end":{"line":623,"column":8}},{"start":{"line":623,"column":8},"end":{"line":623,"column":8}}]},"87":{"line":631,"type":"if","locations":[{"start":{"line":631,"column":69},"end":{"line":631,"column":69}},{"start":{"line":631,"column":69},"end":{"line":631,"column":69}}]},"88":{"line":632,"type":"if","locations":[{"start":{"line":632,"column":8},"end":{"line":632,"column":8}},{"start":{"line":632,"column":8},"end":{"line":632,"column":8}}]},"89":{"line":632,"type":"cond-expr","locations":[{"start":{"line":632,"column":12},"end":{"line":632,"column":23}},{"start":{"line":632,"column":28},"end":{"line":632,"column":52}}]},"90":{"line":636,"type":"if","locations":[{"start":{"line":636,"column":55},"end":{"line":636,"column":55}},{"start":{"line":636,"column":55},"end":{"line":636,"column":55}}]},"91":{"line":637,"type":"if","locations":[{"start":{"line":637,"column":8},"end":{"line":637,"column":8}},{"start":{"line":637,"column":8},"end":{"line":637,"column":8}}]},"92":{"line":642,"type":"if","locations":[{"start":{"line":642,"column":46},"end":{"line":642,"column":46}},{"start":{"line":642,"column":46},"end":{"line":642,"column":46}}]},"93":{"line":647,"type":"if","locations":[{"start":{"line":647,"column":49},"end":{"line":647,"column":49}},{"start":{"line":647,"column":49},"end":{"line":647,"column":49}}]},"94":{"line":652,"type":"if","locations":[{"start":{"line":652,"column":48},"end":{"line":652,"column":48}},{"start":{"line":652,"column":48},"end":{"line":652,"column":48}}]},"95":{"line":653,"type":"if","locations":[{"start":{"line":653,"column":8},"end":{"line":653,"column":8}},{"start":{"line":653,"column":8},"end":{"line":653,"column":8}}]},"96":{"line":660,"type":"if","locations":[{"start":{"line":660,"column":8},"end":{"line":660,"column":8}},{"start":{"line":660,"column":8},"end":{"line":660,"column":8}}]},"97":{"line":661,"type":"if","locations":[{"start":{"line":661,"column":8},"end":{"line":661,"column":8}},{"start":{"line":661,"column":8},"end":{"line":661,"column":8}}]},"98":{"line":662,"type":"if","locations":[{"start":{"line":662,"column":8},"end":{"line":662,"column":8}},{"start":{"line":662,"column":8},"end":{"line":662,"column":8}}]},"99":{"line":664,"type":"if","locations":[{"start":{"line":664,"column":8},"end":{"line":664,"column":8}},{"start":{"line":664,"column":8},"end":{"line":664,"column":8}}]},"100":{"line":665,"type":"if","locations":[{"start":{"line":665,"column":8},"end":{"line":665,"column":8}},{"start":{"line":665,"column":8},"end":{"line":665,"column":8}}]},"101":{"line":669,"type":"if","locations":[{"start":{"line":669,"column":8},"end":{"line":669,"column":8}},{"start":{"line":669,"column":8},"end":{"line":669,"column":8}}]},"102":{"line":677,"type":"if","locations":[{"start":{"line":677,"column":8},"end":{"line":677,"column":8}},{"start":{"line":677,"column":8},"end":{"line":677,"column":8}}]},"103":{"line":682,"type":"if","locations":[{"start":{"line":682,"column":12},"end":{"line":682,"column":12}},{"start":{"line":682,"column":12},"end":{"line":682,"column":12}}]},"104":{"line":690,"type":"if","locations":[{"start":{"line":690,"column":16},"end":{"line":690,"column":16}},{"start":{"line":690,"column":16},"end":{"line":690,"column":16}}]},"105":{"line":691,"type":"if","locations":[{"start":{"line":691,"column":20},"end":{"line":691,"column":20}},{"start":{"line":691,"column":20},"end":{"line":691,"column":20}}]},"106":{"line":721,"type":"if","locations":[{"start":{"line":721,"column":42},"end":{"line":721,"column":42}},{"start":{"line":721,"column":42},"end":{"line":721,"column":42}}]},"107":{"line":722,"type":"if","locations":[{"start":{"line":722,"column":8},"end":{"line":722,"column":8}},{"start":{"line":722,"column":8},"end":{"line":722,"column":8}}]}}},"contracts/fakeUSDT.sol":{"l":{"6":6},"path":"/Users/ball/Desktop/test_contract/cursor_hardhat_mml/mml_hardhat_contract-main/contracts/fakeUSDT.sol","s":{"1":6},"b":{},"f":{"1":6},"fnMap":{"1":{"name":"constructor","line":5,"loc":{"start":{"line":5,"column":4},"end":{"line":7,"column":4}}}},"statementMap":{"1":{"start":{"line":6,"column":8},"end":{"line":6,"column":42}}},"branchMap":{}},"contracts/FinanceLib.sol":{"l":{"12":235,"13":212,"15":13,"17":5,"19":5,"32":219,"34":219,"35":219,"37":219,"38":219,"39":219,"40":219,"41":219,"44":219,"46":219,"47":219,"48":219,"49":219,"50":219},"path":"/Users/ball/Desktop/test_contract/cursor_hardhat_mml/mml_hardhat_contract-main/contracts/FinanceLib.sol","s":{"1":235,"2":212,"3":23,"4":13,"5":10,"6":5,"7":5,"8":219,"9":219,"10":219,"11":219,"12":219,"13":219},"b":{"1":[212,23],"2":[13,10],"3":[5,5],"4":[219,0],"5":[219,0],"6":[219,0]},"f":{"1":235,"2":219},"fnMap":{"1":{"name":"getPlanShares","line":11,"loc":{"start":{"line":11,"column":4},"end":{"line":21,"column":4}}},"2":{"name":"distributeFunds","line":22,"loc":{"start":{"line":22,"column":4},"end":{"line":52,"column":4}}}},"statementMap":{"1":{"start":{"line":12,"column":8},"end":{"line":12,"column":481}},"2":{"start":{"line":13,"column":12},"end":{"line":13,"column":27}},"3":{"start":{"line":14,"column":15},"end":{"line":14,"column":546}},"4":{"start":{"line":15,"column":12},"end":{"line":15,"column":27}},"5":{"start":{"line":16,"column":15},"end":{"line":16,"column":611}},"6":{"start":{"line":17,"column":12},"end":{"line":17,"column":27}},"7":{"start":{"line":19,"column":12},"end":{"line":19,"column":27}},"8":{"start":{"line":32,"column":8},"end":{"line":32,"column":45}},"9":{"start":{"line":34,"column":8},"end":{"line":34,"column":95}},"10":{"start":{"line":35,"column":8},"end":{"line":35,"column":97}},"11":{"start":{"line":37,"column":8},"end":{"line":37,"column":25}},"12":{"start":{"line":38,"column":8},"end":{"line":38,"column":28}},"13":{"start":{"line":44,"column":8},"end":{"line":44,"column":85}}},"branchMap":{"1":{"line":12,"type":"if","locations":[{"start":{"line":12,"column":8},"end":{"line":12,"column":8}},{"start":{"line":12,"column":8},"end":{"line":12,"column":8}}]},"2":{"line":14,"type":"if","locations":[{"start":{"line":14,"column":15},"end":{"line":14,"column":15}},{"start":{"line":14,"column":15},"end":{"line":14,"column":15}}]},"3":{"line":16,"type":"if","locations":[{"start":{"line":16,"column":15},"end":{"line":16,"column":15}},{"start":{"line":16,"column":15},"end":{"line":16,"column":15}}]},"4":{"line":32,"type":"if","locations":[{"start":{"line":32,"column":8},"end":{"line":32,"column":8}},{"start":{"line":32,"column":8},"end":{"line":32,"column":8}}]},"5":{"line":35,"type":"if","locations":[{"start":{"line":35,"column":8},"end":{"line":35,"column":8}},{"start":{"line":35,"column":8},"end":{"line":35,"column":8}}]},"6":{"line":44,"type":"if","locations":[{"start":{"line":44,"column":8},"end":{"line":44,"column":8}},{"start":{"line":44,"column":8},"end":{"line":44,"column":8}}]}}},"contracts/MembershipLib.sol":{"l":{"32":0,"34":0,"35":0,"36":0,"39":0,"48":0,"49":0,"50":0,"62":0,"63":0,"66":0,"67":0,"70":0,"71":0,"73":0},"path":"/Users/ball/Desktop/test_contract/cursor_hardhat_mml/mml_hardhat_contract-main/contracts/MembershipLib.sol","s":{"1":0,"2":0,"3":0,"4":0,"5":0,"6":0,"7":0,"8":0,"9":0,"10":0,"11":0,"12":0},"b":{"1":[0,0],"2":[0,0],"3":[0,0],"4":[0,0],"5":[0,0],"6":[0,0],"7":[0,0],"8":[0,0],"9":[0,0],"10":[0,0]},"f":{"1":0,"2":0,"3":0},"fnMap":{"1":{"name":"updateCycle","line":28,"loc":{"start":{"line":28,"column":4},"end":{"line":40,"column":4}}},"2":{"name":"validatePlanUpgrade","line":42,"loc":{"start":{"line":42,"column":4},"end":{"line":51,"column":4}}},"3":{"name":"determineUpline","line":53,"loc":{"start":{"line":53,"column":4},"end":{"line":74,"column":4}}}},"statementMap":{"1":{"start":{"line":34,"column":8},"end":{"line":34,"column":748}},"2":{"start":{"line":39,"column":8},"end":{"line":39,"column":37}},"3":{"start":{"line":48,"column":8},"end":{"line":48,"column":90}},"4":{"start":{"line":49,"column":8},"end":{"line":49,"column":76}},"5":{"start":{"line":50,"column":8},"end":{"line":50,"column":87}},"6":{"start":{"line":62,"column":8},"end":{"line":62,"column":1761}},"7":{"start":{"line":63,"column":12},"end":{"line":63,"column":32}},"8":{"start":{"line":66,"column":8},"end":{"line":66,"column":1843}},"9":{"start":{"line":67,"column":12},"end":{"line":67,"column":32}},"10":{"start":{"line":70,"column":8},"end":{"line":70,"column":72}},"11":{"start":{"line":71,"column":8},"end":{"line":71,"column":82}},"12":{"start":{"line":73,"column":8},"end":{"line":73,"column":21}}},"branchMap":{"1":{"line":34,"type":"if","locations":[{"start":{"line":34,"column":8},"end":{"line":34,"column":8}},{"start":{"line":34,"column":8},"end":{"line":34,"column":8}}]},"2":{"line":48,"type":"if","locations":[{"start":{"line":48,"column":8},"end":{"line":48,"column":8}},{"start":{"line":48,"column":8},"end":{"line":48,"column":8}}]},"3":{"line":48,"type":"cond-expr","locations":[{"start":{"line":48,"column":12},"end":{"line":48,"column":25}},{"start":{"line":48,"column":30},"end":{"line":48,"column":50}}]},"4":{"line":49,"type":"if","locations":[{"start":{"line":49,"column":8},"end":{"line":49,"column":8}},{"start":{"line":49,"column":8},"end":{"line":49,"column":8}}]},"5":{"line":50,"type":"if","locations":[{"start":{"line":50,"column":8},"end":{"line":50,"column":8}},{"start":{"line":50,"column":8},"end":{"line":50,"column":8}}]},"6":{"line":62,"type":"if","locations":[{"start":{"line":62,"column":8},"end":{"line":62,"column":8}},{"start":{"line":62,"column":8},"end":{"line":62,"column":8}}]},"7":{"line":66,"type":"if","locations":[{"start":{"line":66,"column":8},"end":{"line":66,"column":8}},{"start":{"line":66,"column":8},"end":{"line":66,"column":8}}]},"8":{"line":66,"type":"cond-expr","locations":[{"start":{"line":66,"column":12},"end":{"line":66,"column":31}},{"start":{"line":66,"column":36},"end":{"line":66,"column":51}}]},"9":{"line":70,"type":"if","locations":[{"start":{"line":70,"column":8},"end":{"line":70,"column":8}},{"start":{"line":70,"column":8},"end":{"line":70,"column":8}}]},"10":{"line":71,"type":"if","locations":[{"start":{"line":71,"column":8},"end":{"line":71,"column":8}},{"start":{"line":71,"column":8},"end":{"line":71,"column":8}}]}}},"contracts/NFTMetadataLib.sol":{"l":{"6":199,"7":198,"8":198,"9":198,"10":340,"11":340,"13":198,"14":198,"15":198,"16":340,"17":340,"18":340,"19":340,"20":340,"22":198,"26":10,"27":10,"28":10,"30":9,"31":9,"32":9,"33":9,"35":9,"36":202,"39":202,"40":202,"41":202,"42":202,"43":202,"46":9,"47":6,"48":6,"49":6,"50":6,"51":6,"52":4,"53":4,"55":2,"56":2,"59":9},"path":"/Users/ball/Desktop/test_contract/cursor_hardhat_mml/mml_hardhat_contract-main/contracts/NFTMetadataLib.sol","s":{"1":199,"2":1,"3":198,"4":198,"5":198,"6":198,"7":198,"8":198,"9":340,"10":340,"11":198,"12":10,"13":10,"14":10,"15":1,"16":9,"17":9,"18":9,"19":9,"20":9,"21":202,"22":9,"23":6,"24":6,"25":6,"26":9},"b":{"1":[1,198],"2":[1,9],"3":[6,3],"4":[4,2],"5":[4,2]},"f":{"1":199,"2":10},"fnMap":{"1":{"name":"uint2str","line":5,"loc":{"start":{"line":5,"column":4},"end":{"line":23,"column":4}}},"2":{"name":"base64Encode","line":25,"loc":{"start":{"line":25,"column":4},"end":{"line":60,"column":4}}}},"statementMap":{"1":{"start":{"line":6,"column":8},"end":{"line":6,"column":31}},"2":{"start":{"line":6,"column":21},"end":{"line":6,"column":31}},"3":{"start":{"line":7,"column":8},"end":{"line":7,"column":22}},"4":{"start":{"line":8,"column":8},"end":{"line":8,"column":19}},"5":{"start":{"line":9,"column":8},"end":{"line":9,"column":252}},"6":{"start":{"line":13,"column":8},"end":{"line":13,"column":42}},"7":{"start":{"line":14,"column":8},"end":{"line":14,"column":23}},"8":{"start":{"line":15,"column":8},"end":{"line":15,"column":410}},"9":{"start":{"line":17,"column":12},"end":{"line":17,"column":56}},"10":{"start":{"line":18,"column":12},"end":{"line":18,"column":36}},"11":{"start":{"line":22,"column":8},"end":{"line":22,"column":27}},"12":{"start":{"line":26,"column":8},"end":{"line":26,"column":96}},"13":{"start":{"line":27,"column":8},"end":{"line":27,"column":33}},"14":{"start":{"line":28,"column":8},"end":{"line":28,"column":31}},"15":{"start":{"line":28,"column":22},"end":{"line":28,"column":31}},"16":{"start":{"line":30,"column":8},"end":{"line":30,"column":48}},"17":{"start":{"line":31,"column":8},"end":{"line":31,"column":51}},"18":{"start":{"line":32,"column":8},"end":{"line":32,"column":17}},"19":{"start":{"line":33,"column":8},"end":{"line":33,"column":21}},"20":{"start":{"line":35,"column":8},"end":{"line":35,"column":1061}},"21":{"start":{"line":36,"column":12},"end":{"line":36,"column":1147}},"22":{"start":{"line":46,"column":8},"end":{"line":46,"column":1540}},"23":{"start":{"line":47,"column":12},"end":{"line":47,"column":55}},"24":{"start":{"line":48,"column":12},"end":{"line":48,"column":68}},"25":{"start":{"line":51,"column":12},"end":{"line":51,"column":1814}},"26":{"start":{"line":59,"column":8},"end":{"line":59,"column":29}}},"branchMap":{"1":{"line":6,"type":"if","locations":[{"start":{"line":6,"column":8},"end":{"line":6,"column":8}},{"start":{"line":6,"column":8},"end":{"line":6,"column":8}}]},"2":{"line":28,"type":"if","locations":[{"start":{"line":28,"column":8},"end":{"line":28,"column":8}},{"start":{"line":28,"column":8},"end":{"line":28,"column":8}}]},"3":{"line":46,"type":"if","locations":[{"start":{"line":46,"column":8},"end":{"line":46,"column":8}},{"start":{"line":46,"column":8},"end":{"line":46,"column":8}}]},"4":{"line":48,"type":"if","locations":[{"start":{"line":48,"column":12},"end":{"line":48,"column":12}},{"start":{"line":48,"column":12},"end":{"line":48,"column":12}}]},"5":{"line":51,"type":"if","locations":[{"start":{"line":51,"column":12},"end":{"line":51,"column":12}},{"start":{"line":51,"column":12},"end":{"line":51,"column":12}}]}}},"contracts/test/FinanceLibTester.sol":{"l":{"8":16,"21":5},"path":"/Users/ball/Desktop/test_contract/cursor_hardhat_mml/mml_hardhat_contract-main/contracts/test/FinanceLibTester.sol","s":{"1":16,"2":5},"b":{},"f":{"1":16,"2":5},"fnMap":{"1":{"name":"testGetPlanShares","line":7,"loc":{"start":{"line":7,"column":4},"end":{"line":9,"column":4}}},"2":{"name":"testDistributeFunds","line":11,"loc":{"start":{"line":11,"column":4},"end":{"line":22,"column":4}}}},"statementMap":{"1":{"start":{"line":8,"column":8},"end":{"line":8,"column":47}},"2":{"start":{"line":21,"column":8},"end":{"line":21,"column":66}}},"branchMap":{}},"contracts/test/NFTMetadataLibTester.sol":{"l":{"8":6,"12":9},"path":"/Users/ball/Desktop/test_contract/cursor_hardhat_mml/mml_hardhat_contract-main/contracts/test/NFTMetadataLibTester.sol","s":{"1":6,"2":9},"b":{},"f":{"1":6,"2":9},"fnMap":{"1":{"name":"testUint2str","line":7,"loc":{"start":{"line":7,"column":4},"end":{"line":9,"column":4}}},"2":{"name":"testBase64Encode","line":11,"loc":{"start":{"line":11,"column":4},"end":{"line":13,"column":4}}}},"statementMap":{"1":{"start":{"line":8,"column":8},"end":{"line":8,"column":42}},"2":{"start":{"line":12,"column":8},"end":{"line":12,"column":48}}},"branchMap":{}},"contracts/TokenLib.sol":{"l":{"17":215,"18":215,"20":214,"21":0,"29":92,"30":92,"32":92,"33":0,"40":0,"41":0},"path":"/Users/ball/Desktop/test_contract/cursor_hardhat_mml/mml_hardhat_contract-main/contracts/TokenLib.sol","s":{"1":215,"2":215,"3":214,"4":92,"5":92,"6":92,"7":0},"b":{"1":[0,214],"2":[0,92],"3":[0,0]},"f":{"1":215,"2":92,"3":0},"fnMap":{"1":{"name":"safeTransferFrom","line":11,"loc":{"start":{"line":11,"column":4},"end":{"line":22,"column":4}}},"2":{"name":"safeTransfer","line":24,"loc":{"start":{"line":24,"column":4},"end":{"line":34,"column":4}}},"3":{"name":"validateWithdrawal","line":36,"loc":{"start":{"line":36,"column":4},"end":{"line":43,"column":4}}}},"statementMap":{"1":{"start":{"line":17,"column":8},"end":{"line":17,"column":51}},"2":{"start":{"line":18,"column":8},"end":{"line":18,"column":47}},"3":{"start":{"line":20,"column":8},"end":{"line":20,"column":570}},"4":{"start":{"line":29,"column":8},"end":{"line":29,"column":51}},"5":{"start":{"line":30,"column":8},"end":{"line":30,"column":37}},"6":{"start":{"line":32,"column":8},"end":{"line":32,"column":898}},"7":{"start":{"line":40,"column":8},"end":{"line":40,"column":1095}}},"branchMap":{"1":{"line":20,"type":"if","locations":[{"start":{"line":20,"column":8},"end":{"line":20,"column":8}},{"start":{"line":20,"column":8},"end":{"line":20,"column":8}}]},"2":{"line":32,"type":"if","locations":[{"start":{"line":32,"column":8},"end":{"line":32,"column":8}},{"start":{"line":32,"column":8},"end":{"line":32,"column":8}}]},"3":{"line":40,"type":"if","locations":[{"start":{"line":40,"column":8},"end":{"line":40,"column":8}},{"start":{"line":40,"column":8},"end":{"line":40,"column":8}}]}}}}