{"contracts/CryptoMembershipNFT.sol":{"l":{"114":221,"115":217,"119":23,"120":20,"124":126,"125":126,"126":126,"127":116,"131":211,"132":204,"133":204,"137":189,"138":189,"139":189,"143":710,"144":397,"154":104,"155":104,"157":104,"158":104,"159":104,"161":104,"162":104,"167":104,"168":1664,"169":1664,"174":104,"176":104,"177":1664,"178":1664,"179":1664,"190":0,"195":2,"196":2,"197":1,"199":0,"204":1664,"205":1560,"208":1664,"209":1664,"210":1664,"211":1664,"215":5,"216":5,"218":4,"219":4,"230":5,"231":4,"233":4,"243":2,"245":1,"246":1,"248":1,"275":189,"276":189,"277":189,"278":188,"279":187,"281":187,"283":187,"285":187,"286":187,"287":187,"289":187,"291":187,"293":187,"302":187,"304":187,"306":187,"310":189,"311":189,"312":189,"314":189,"315":299,"316":114,"317":0,"320":299,"321":299,"322":299,"324":189,"328":187,"329":82,"330":82,"332":105,"333":0,"335":105,"336":105,"337":105,"341":187,"342":187,"343":187,"353":187,"354":187,"356":187,"357":2,"358":2,"359":2,"361":2,"363":187,"367":187,"374":187,"375":187,"376":187,"377":187,"380":187,"381":187,"386":197,"387":197,"388":197,"389":197,"393":108,"394":108,"395":108,"396":108,"401":197,"402":197,"403":105,"404":105,"406":92,"409":0,"414":105,"415":105,"417":105,"419":105,"420":105,"421":105,"424":105,"429":14,"430":14,"432":14,"433":14,"434":14,"435":14,"437":13,"438":13,"439":11,"441":10,"442":10,"444":10,"446":10,"447":10,"449":10,"450":10,"452":10,"453":0,"454":0,"455":0,"457":0,"460":10,"461":10,"463":10,"464":10,"467":10,"474":10,"475":10,"476":10,"477":10,"480":10,"482":10,"484":10,"485":10,"486":10,"487":10,"488":10,"490":10,"495":3,"497":3,"498":3,"500":2,"501":2,"503":2,"505":2,"507":2,"508":2,"510":2,"511":2,"513":2,"515":2,"520":0,"521":0,"522":0,"526":0,"527":0,"528":0,"532":0,"533":0,"534":0,"545":4,"546":4,"548":3,"549":3,"550":3,"552":3,"553":3,"555":3,"556":2,"557":1,"559":0,"560":0,"561":0,"562":0,"563":0,"566":0,"567":0,"568":0,"569":0,"572":0,"573":0,"574":0,"575":0,"579":0,"581":0,"584":0,"593":6,"594":6,"595":6,"606":4,"624":8,"627":8,"639":1,"640":1,"641":1,"645":2,"646":1,"650":0,"654":5,"655":5,"659":2,"660":1,"661":1,"666":10,"667":10,"668":10,"672":5,"673":5,"677":3,"678":2,"680":1,"681":1,"684":1,"687":1,"689":1,"692":1,"693":1,"694":1,"695":1,"697":1,"698":1,"699":1,"702":1,"704":1,"705":1,"708":0,"709":0,"710":0,"712":0,"714":0,"717":1,"721":2,"722":1,"723":1,"724":1,"729":2,"730":2,"731":2,"736":7,"740":3328},"path":"/Users/ball/Desktop/test_contract/cursor_hardhat_mml/mml_hardhat_contract-main/contracts/CryptoMembershipNFT.sol","s":{"1":221,"2":23,"3":126,"4":211,"5":189,"6":189,"7":502,"8":104,"9":104,"10":104,"11":104,"12":104,"13":104,"14":104,"15":104,"16":1664,"17":1664,"18":0,"19":2,"20":2,"21":1,"22":0,"23":1664,"24":1560,"25":1664,"26":5,"27":5,"28":4,"29":5,"30":4,"31":4,"32":2,"33":1,"34":1,"35":1,"36":189,"37":189,"38":189,"39":188,"40":187,"41":187,"42":187,"43":187,"44":187,"45":187,"46":187,"47":187,"48":187,"49":187,"50":189,"51":189,"52":189,"53":189,"54":299,"55":114,"56":0,"57":189,"58":187,"59":82,"60":105,"61":0,"62":105,"63":105,"64":105,"65":187,"66":187,"67":187,"68":187,"69":2,"70":187,"71":187,"72":187,"73":187,"74":197,"75":197,"76":197,"77":197,"78":108,"79":108,"80":108,"81":108,"82":197,"83":197,"84":105,"85":105,"86":105,"87":105,"88":105,"89":14,"90":14,"91":14,"92":14,"93":14,"94":13,"95":13,"96":11,"97":10,"98":10,"99":10,"100":10,"101":10,"102":10,"103":10,"104":0,"105":10,"106":10,"107":10,"108":10,"109":10,"110":10,"111":10,"112":10,"113":3,"114":3,"115":3,"116":2,"117":2,"118":2,"119":2,"120":2,"121":2,"122":2,"123":0,"124":0,"125":0,"126":0,"127":0,"128":0,"129":4,"130":4,"131":3,"132":3,"133":3,"134":3,"135":3,"136":3,"137":2,"138":1,"139":0,"140":0,"141":0,"142":0,"143":0,"144":0,"145":0,"146":6,"147":6,"148":6,"149":4,"150":8,"151":8,"152":1,"153":1,"154":2,"155":0,"156":5,"157":2,"158":1,"159":10,"160":10,"161":5,"162":3,"163":2,"164":1,"165":1,"166":1,"167":1,"168":1,"169":1,"170":1,"171":1,"172":1,"173":1,"174":1,"175":1,"176":0,"177":0,"178":2,"179":1,"180":1,"181":2,"182":2,"183":2,"184":7,"185":3328},"b":{"1":[217,4],"2":[20,3],"3":[126,0],"4":[204,7],"5":[189,0],"6":[189,0],"7":[397,105],"8":[104,0],"9":[104,0],"10":[104,0],"11":[0,0],"12":[0,0],"13":[2,1],"14":[2,0],"15":[1,1],"16":[0,1],"17":[1560,104],"18":[1560,0],"19":[5,1],"20":[5,0],"21":[4,1],"22":[4,1],"23":[1,1],"24":[196,0],"25":[194,2],"26":[190,4],"27":[189,1],"28":[189,0],"29":[189,0],"30":[189,0],"31":[188,1],"32":[187,1],"33":[187,0],"34":[0,114],"35":[82,105],"36":[0,105],"37":[0,0],"38":[105,0],"39":[105,0],"40":[2,185],"41":[197,0],"42":[197,0],"43":[108,0],"44":[108,0],"45":[197,0],"46":[105,92],"47":[105,0],"48":[22,0],"49":[20,2],"50":[17,3],"51":[14,3],"52":[14,0],"53":[14,0],"54":[14,0],"55":[14,0],"56":[14,0],"57":[13,1],"58":[11,2],"59":[10,1],"60":[10,0],"61":[0,10],"62":[10,0],"63":[3,0],"64":[3,0],"65":[3,0],"66":[2,1],"67":[2,0],"68":[0,0],"69":[0,0],"70":[0,0],"71":[0,0],"72":[0,0],"73":[0,0],"74":[0,0],"75":[0,0],"76":[0,0],"77":[0,0],"78":[0,0],"79":[0,0],"80":[4,1],"81":[4,0],"82":[4,0],"83":[4,0],"84":[3,1],"85":[2,1],"86":[1,1],"87":[0,1],"88":[0,0],"89":[0,0],"90":[0,0],"91":[0,0],"92":[0,0],"93":[6,0],"94":[1,7],"95":[1,1],"96":[1,0],"97":[1,0],"98":[2,1],"99":[1,1],"100":[5,1],"101":[5,0],"102":[2,1],"103":[1,1],"104":[10,1],"105":[5,1],"106":[3,1],"107":[3,0],"108":[3,0],"109":[2,1],"110":[1,1],"111":[1,0],"112":[1,0],"113":[1,0],"114":[2,1],"115":[1,1]},"f":{"1":221,"2":23,"3":126,"4":211,"5":189,"6":606,"7":104,"8":104,"9":104,"10":0,"11":2,"12":1664,"13":5,"14":5,"15":2,"16":189,"17":189,"18":187,"19":187,"20":187,"21":187,"22":197,"23":108,"24":197,"25":105,"26":14,"27":3,"28":0,"29":0,"30":0,"31":4,"32":6,"33":4,"34":8,"35":1,"36":2,"37":0,"38":5,"39":2,"40":10,"41":5,"42":3,"43":2,"44":2,"45":7,"46":3328},"fnMap":{"1":{"name":"whenNotPaused","line":113,"loc":{"start":{"line":113,"column":4},"end":{"line":116,"column":4}}},"2":{"name":"onlyMember","line":118,"loc":{"start":{"line":118,"column":4},"end":{"line":121,"column":4}}},"3":{"name":"noReentrantTransfer","line":123,"loc":{"start":{"line":123,"column":4},"end":{"line":128,"column":4}}},"4":{"name":"preventFrontRunning","line":130,"loc":{"start":{"line":130,"column":4},"end":{"line":134,"column":4}}},"5":{"name":"noReferralLoop","line":136,"loc":{"start":{"line":136,"column":4},"end":{"line":140,"column":4}}},"6":{"name":"validAddress","line":142,"loc":{"start":{"line":142,"column":4},"end":{"line":145,"column":4}}},"7":{"name":"constructor","line":152,"loc":{"start":{"line":148,"column":4},"end":{"line":163,"column":4}}},"8":{"name":"_setupDefaultImages","line":166,"loc":{"start":{"line":166,"column":4},"end":{"line":171,"column":4}}},"9":{"name":"_createDefaultPlans","line":173,"loc":{"start":{"line":173,"column":4},"end":{"line":181,"column":4}}},"10":{"name":"_beforeTokenTransfer","line":184,"loc":{"start":{"line":184,"column":4},"end":{"line":191,"column":4}}},"11":{"name":"createPlan","line":194,"loc":{"start":{"line":194,"column":4},"end":{"line":200,"column":4}}},"12":{"name":"_createPlan","line":202,"loc":{"start":{"line":202,"column":4},"end":{"line":212,"column":4}}},"13":{"name":"setPlanDefaultImage","line":214,"loc":{"start":{"line":214,"column":4},"end":{"line":220,"column":4}}},"14":{"name":"getNFTImage","line":223,"loc":{"start":{"line":223,"column":4},"end":{"line":240,"column":4}}},"15":{"name":"tokenURI","line":242,"loc":{"start":{"line":242,"column":4},"end":{"line":264,"column":4}}},"16":{"name":"registerMember","line":273,"loc":{"start":{"line":267,"column":4},"end":{"line":307,"column":4}}},"17":{"name":"_checkReferralLoop","line":309,"loc":{"start":{"line":309,"column":4},"end":{"line":325,"column":4}}},"18":{"name":"_determineUpline","line":327,"loc":{"start":{"line":327,"column":4},"end":{"line":338,"column":4}}},"19":{"name":"_setTokenImage","line":340,"loc":{"start":{"line":340,"column":4},"end":{"line":350,"column":4}}},"20":{"name":"_updateCycle","line":352,"loc":{"start":{"line":352,"column":4},"end":{"line":364,"column":4}}},"21":{"name":"_distributeAndRecordFunds","line":366,"loc":{"start":{"line":366,"column":4},"end":{"line":382,"column":4}}},"22":{"name":"_safeTransferFrom","line":385,"loc":{"start":{"line":385,"column":4},"end":{"line":390,"column":4}}},"23":{"name":"_safeTransfer","line":392,"loc":{"start":{"line":392,"column":4},"end":{"line":397,"column":4}}},"24":{"name":"_handleUplinePayment","line":400,"loc":{"start":{"line":400,"column":4},"end":{"line":411,"column":4}}},"25":{"name":"_payReferralCommission","line":413,"loc":{"start":{"line":413,"column":4},"end":{"line":425,"column":4}}},"26":{"name":"upgradePlan","line":428,"loc":{"start":{"line":428,"column":4},"end":{"line":491,"column":4}}},"27":{"name":"exitMembership","line":494,"loc":{"start":{"line":494,"column":4},"end":{"line":516,"column":4}}},"28":{"name":"withdrawOwnerBalance","line":519,"loc":{"start":{"line":519,"column":4},"end":{"line":523,"column":4}}},"29":{"name":"withdrawFeeSystemBalance","line":525,"loc":{"start":{"line":525,"column":4},"end":{"line":529,"column":4}}},"30":{"name":"withdrawFundBalance","line":531,"loc":{"start":{"line":531,"column":4},"end":{"line":535,"column":4}}},"31":{"name":"batchWithdraw","line":544,"loc":{"start":{"line":544,"column":4},"end":{"line":585,"column":4}}},"32":{"name":"getPlanCycleInfo","line":588,"loc":{"start":{"line":588,"column":4},"end":{"line":596,"column":4}}},"33":{"name":"getSystemStats","line":598,"loc":{"start":{"line":598,"column":4},"end":{"line":614,"column":4}}},"34":{"name":"getContractStatus","line":616,"loc":{"start":{"line":616,"column":4},"end":{"line":635,"column":4}}},"35":{"name":"updateMembersPerCycle","line":638,"loc":{"start":{"line":638,"column":4},"end":{"line":642,"column":4}}},"36":{"name":"setBaseURI","line":644,"loc":{"start":{"line":644,"column":4},"end":{"line":647,"column":4}}},"37":{"name":"_baseURI","line":649,"loc":{"start":{"line":649,"column":4},"end":{"line":651,"column":4}}},"38":{"name":"setPlanStatus","line":653,"loc":{"start":{"line":653,"column":4},"end":{"line":656,"column":4}}},"39":{"name":"setPriceFeed","line":658,"loc":{"start":{"line":658,"column":4},"end":{"line":662,"column":4}}},"40":{"name":"setPaused","line":665,"loc":{"start":{"line":665,"column":4},"end":{"line":669,"column":4}}},"41":{"name":"requestEmergencyWithdraw","line":671,"loc":{"start":{"line":671,"column":4},"end":{"line":674,"column":4}}},"42":{"name":"emergencyWithdraw","line":676,"loc":{"start":{"line":676,"column":4},"end":{"line":718,"column":4}}},"43":{"name":"restartAfterPause","line":720,"loc":{"start":{"line":720,"column":4},"end":{"line":725,"column":4}}},"44":{"name":"validateContractBalance","line":728,"loc":{"start":{"line":728,"column":4},"end":{"line":732,"column":4}}},"45":{"name":"_exists","line":735,"loc":{"start":{"line":735,"column":4},"end":{"line":737,"column":4}}},"46":{"name":"_uint2str","line":739,"loc":{"start":{"line":739,"column":4},"end":{"line":741,"column":4}}}},"statementMap":{"1":{"start":{"line":114,"column":8},"end":{"line":114,"column":37}},"2":{"start":{"line":119,"column":8},"end":{"line":119,"column":49}},"3":{"start":{"line":124,"column":8},"end":{"line":124,"column":39}},"4":{"start":{"line":131,"column":8},"end":{"line":131,"column":93}},"5":{"start":{"line":137,"column":8},"end":{"line":137,"column":49}},"6":{"start":{"line":138,"column":8},"end":{"line":138,"column":70}},"7":{"start":{"line":143,"column":8},"end":{"line":143,"column":43}},"8":{"start":{"line":154,"column":8},"end":{"line":154,"column":48}},"9":{"start":{"line":155,"column":8},"end":{"line":155,"column":50}},"10":{"start":{"line":159,"column":8},"end":{"line":159,"column":42}},"11":{"start":{"line":161,"column":8},"end":{"line":161,"column":28}},"12":{"start":{"line":162,"column":8},"end":{"line":162,"column":28}},"13":{"start":{"line":167,"column":8},"end":{"line":167,"column":6216}},"14":{"start":{"line":174,"column":8},"end":{"line":174,"column":46}},"15":{"start":{"line":176,"column":8},"end":{"line":176,"column":6494}},"16":{"start":{"line":177,"column":12},"end":{"line":177,"column":53}},"17":{"start":{"line":178,"column":12},"end":{"line":178,"column":74}},"18":{"start":{"line":190,"column":8},"end":{"line":190,"column":62}},"19":{"start":{"line":195,"column":8},"end":{"line":195,"column":65}},"20":{"start":{"line":196,"column":8},"end":{"line":196,"column":47}},"21":{"start":{"line":197,"column":8},"end":{"line":197,"column":34}},"22":{"start":{"line":199,"column":8},"end":{"line":199,"column":51}},"23":{"start":{"line":204,"column":8},"end":{"line":204,"column":7544}},"24":{"start":{"line":205,"column":12},"end":{"line":205,"column":109}},"25":{"start":{"line":211,"column":8},"end":{"line":211,"column":74}},"26":{"start":{"line":215,"column":8},"end":{"line":215,"column":65}},"27":{"start":{"line":216,"column":8},"end":{"line":216,"column":51}},"28":{"start":{"line":219,"column":8},"end":{"line":219,"column":52}},"29":{"start":{"line":230,"column":8},"end":{"line":230,"column":41}},"30":{"start":{"line":231,"column":8},"end":{"line":231,"column":53}},"31":{"start":{"line":233,"column":8},"end":{"line":233,"column":8705}},"32":{"start":{"line":243,"column":8},"end":{"line":243,"column":41}},"33":{"start":{"line":245,"column":8},"end":{"line":245,"column":53}},"34":{"start":{"line":246,"column":8},"end":{"line":246,"column":57}},"35":{"start":{"line":248,"column":8},"end":{"line":248,"column":9159}},"36":{"start":{"line":275,"column":8},"end":{"line":275,"column":65}},"37":{"start":{"line":276,"column":8},"end":{"line":276,"column":36}},"38":{"start":{"line":277,"column":8},"end":{"line":277,"column":47}},"39":{"start":{"line":278,"column":8},"end":{"line":278,"column":50}},"40":{"start":{"line":279,"column":8},"end":{"line":279,"column":68}},"41":{"start":{"line":281,"column":8},"end":{"line":281,"column":64}},"42":{"start":{"line":283,"column":8},"end":{"line":283,"column":73}},"43":{"start":{"line":285,"column":8},"end":{"line":285,"column":46}},"44":{"start":{"line":287,"column":8},"end":{"line":287,"column":37}},"45":{"start":{"line":289,"column":8},"end":{"line":289,"column":39}},"46":{"start":{"line":291,"column":8},"end":{"line":291,"column":51}},"47":{"start":{"line":302,"column":8},"end":{"line":302,"column":86}},"48":{"start":{"line":304,"column":8},"end":{"line":304,"column":53}},"49":{"start":{"line":306,"column":8},"end":{"line":306,"column":76}},"50":{"start":{"line":310,"column":8},"end":{"line":310,"column":68}},"51":{"start":{"line":311,"column":8},"end":{"line":311,"column":25}},"52":{"start":{"line":312,"column":8},"end":{"line":312,"column":33}},"53":{"start":{"line":314,"column":8},"end":{"line":314,"column":11441}},"54":{"start":{"line":315,"column":12},"end":{"line":315,"column":11520}},"55":{"start":{"line":316,"column":16},"end":{"line":316,"column":11579}},"56":{"start":{"line":317,"column":20},"end":{"line":317,"column":31}},"57":{"start":{"line":324,"column":8},"end":{"line":324,"column":20}},"58":{"start":{"line":328,"column":8},"end":{"line":328,"column":11931}},"59":{"start":{"line":330,"column":12},"end":{"line":330,"column":26}},"60":{"start":{"line":332,"column":8},"end":{"line":332,"column":12065}},"61":{"start":{"line":333,"column":12},"end":{"line":333,"column":26}},"62":{"start":{"line":335,"column":8},"end":{"line":335,"column":46}},"63":{"start":{"line":336,"column":8},"end":{"line":336,"column":58}},"64":{"start":{"line":337,"column":8},"end":{"line":337,"column":22}},"65":{"start":{"line":341,"column":8},"end":{"line":341,"column":62}},"66":{"start":{"line":342,"column":8},"end":{"line":342,"column":51}},"67":{"start":{"line":353,"column":8},"end":{"line":353,"column":57}},"68":{"start":{"line":356,"column":8},"end":{"line":356,"column":12954}},"69":{"start":{"line":361,"column":12},"end":{"line":361,"column":65}},"70":{"start":{"line":363,"column":8},"end":{"line":363,"column":37}},"71":{"start":{"line":367,"column":8},"end":{"line":367,"column":13448}},"72":{"start":{"line":380,"column":8},"end":{"line":380,"column":62}},"73":{"start":{"line":381,"column":8},"end":{"line":381,"column":26}},"74":{"start":{"line":386,"column":8},"end":{"line":386,"column":55}},"75":{"start":{"line":387,"column":8},"end":{"line":387,"column":64}},"76":{"start":{"line":388,"column":8},"end":{"line":388,"column":54}},"77":{"start":{"line":389,"column":8},"end":{"line":389,"column":62}},"78":{"start":{"line":393,"column":8},"end":{"line":393,"column":55}},"79":{"start":{"line":394,"column":8},"end":{"line":394,"column":54}},"80":{"start":{"line":395,"column":8},"end":{"line":395,"column":54}},"81":{"start":{"line":396,"column":8},"end":{"line":396,"column":62}},"82":{"start":{"line":401,"column":8},"end":{"line":401,"column":14716}},"83":{"start":{"line":402,"column":12},"end":{"line":402,"column":14762}},"84":{"start":{"line":403,"column":16},"end":{"line":403,"column":72}},"85":{"start":{"line":414,"column":8},"end":{"line":414,"column":44}},"86":{"start":{"line":415,"column":8},"end":{"line":415,"column":36}},"87":{"start":{"line":417,"column":8},"end":{"line":417,"column":37}},"88":{"start":{"line":424,"column":8},"end":{"line":424,"column":49}},"89":{"start":{"line":429,"column":8},"end":{"line":429,"column":93}},"90":{"start":{"line":432,"column":8},"end":{"line":432,"column":48}},"91":{"start":{"line":433,"column":8},"end":{"line":433,"column":60}},"92":{"start":{"line":434,"column":8},"end":{"line":434,"column":71}},"93":{"start":{"line":435,"column":8},"end":{"line":435,"column":50}},"94":{"start":{"line":437,"column":8},"end":{"line":437,"column":51}},"95":{"start":{"line":438,"column":8},"end":{"line":438,"column":50}},"96":{"start":{"line":439,"column":8},"end":{"line":439,"column":55}},"97":{"start":{"line":441,"column":8},"end":{"line":441,"column":86}},"98":{"start":{"line":442,"column":8},"end":{"line":442,"column":43}},"99":{"start":{"line":444,"column":8},"end":{"line":444,"column":68}},"100":{"start":{"line":446,"column":8},"end":{"line":446,"column":41}},"101":{"start":{"line":447,"column":8},"end":{"line":447,"column":38}},"102":{"start":{"line":449,"column":8},"end":{"line":449,"column":60}},"103":{"start":{"line":452,"column":8},"end":{"line":452,"column":16817}},"104":{"start":{"line":457,"column":12},"end":{"line":457,"column":68}},"105":{"start":{"line":463,"column":8},"end":{"line":463,"column":17217}},"106":{"start":{"line":464,"column":12},"end":{"line":464,"column":74}},"107":{"start":{"line":467,"column":8},"end":{"line":467,"column":17442}},"108":{"start":{"line":480,"column":8},"end":{"line":480,"column":62}},"109":{"start":{"line":482,"column":8},"end":{"line":482,"column":48}},"110":{"start":{"line":484,"column":8},"end":{"line":484,"column":60}},"111":{"start":{"line":485,"column":8},"end":{"line":485,"column":58}},"112":{"start":{"line":490,"column":8},"end":{"line":490,"column":84}},"113":{"start":{"line":495,"column":8},"end":{"line":495,"column":51}},"114":{"start":{"line":497,"column":8},"end":{"line":497,"column":60}},"115":{"start":{"line":498,"column":8},"end":{"line":498,"column":54}},"116":{"start":{"line":500,"column":8},"end":{"line":500,"column":54}},"117":{"start":{"line":501,"column":8},"end":{"line":501,"column":53}},"118":{"start":{"line":503,"column":8},"end":{"line":503,"column":57}},"119":{"start":{"line":507,"column":8},"end":{"line":507,"column":60}},"120":{"start":{"line":510,"column":8},"end":{"line":510,"column":21}},"121":{"start":{"line":513,"column":8},"end":{"line":513,"column":46}},"122":{"start":{"line":515,"column":8},"end":{"line":515,"column":51}},"123":{"start":{"line":520,"column":8},"end":{"line":520,"column":52}},"124":{"start":{"line":522,"column":8},"end":{"line":522,"column":37}},"125":{"start":{"line":526,"column":8},"end":{"line":526,"column":56}},"126":{"start":{"line":528,"column":8},"end":{"line":528,"column":37}},"127":{"start":{"line":532,"column":8},"end":{"line":532,"column":51}},"128":{"start":{"line":534,"column":8},"end":{"line":534,"column":37}},"129":{"start":{"line":545,"column":8},"end":{"line":545,"column":43}},"130":{"start":{"line":546,"column":8},"end":{"line":546,"column":45}},"131":{"start":{"line":548,"column":8},"end":{"line":548,"column":26}},"132":{"start":{"line":549,"column":8},"end":{"line":549,"column":24}},"133":{"start":{"line":550,"column":8},"end":{"line":550,"column":25}},"134":{"start":{"line":552,"column":8},"end":{"line":552,"column":20528}},"135":{"start":{"line":553,"column":12},"end":{"line":553,"column":56}},"136":{"start":{"line":555,"column":12},"end":{"line":555,"column":55}},"137":{"start":{"line":556,"column":12},"end":{"line":556,"column":42}},"138":{"start":{"line":557,"column":12},"end":{"line":557,"column":48}},"139":{"start":{"line":559,"column":12},"end":{"line":559,"column":20833}},"140":{"start":{"line":560,"column":16},"end":{"line":560,"column":64}},"141":{"start":{"line":565,"column":19},"end":{"line":565,"column":21101}},"142":{"start":{"line":566,"column":16},"end":{"line":566,"column":68}},"143":{"start":{"line":572,"column":16},"end":{"line":572,"column":63}},"144":{"start":{"line":579,"column":12},"end":{"line":579,"column":51}},"145":{"start":{"line":584,"column":8},"end":{"line":584,"column":70}},"146":{"start":{"line":593,"column":8},"end":{"line":593,"column":65}},"147":{"start":{"line":594,"column":8},"end":{"line":594,"column":56}},"148":{"start":{"line":595,"column":8},"end":{"line":595,"column":104}},"149":{"start":{"line":606,"column":8},"end":{"line":606,"column":22563}},"150":{"start":{"line":624,"column":8},"end":{"line":624,"column":23223}},"151":{"start":{"line":627,"column":8},"end":{"line":627,"column":23320}},"152":{"start":{"line":639,"column":8},"end":{"line":639,"column":65}},"153":{"start":{"line":640,"column":8},"end":{"line":640,"column":68}},"154":{"start":{"line":645,"column":8},"end":{"line":645,"column":49}},"155":{"start":{"line":650,"column":8},"end":{"line":650,"column":28}},"156":{"start":{"line":654,"column":8},"end":{"line":654,"column":65}},"157":{"start":{"line":659,"column":8},"end":{"line":659,"column":48}},"158":{"start":{"line":661,"column":8},"end":{"line":661,"column":41}},"159":{"start":{"line":667,"column":8},"end":{"line":667,"column":36}},"160":{"start":{"line":668,"column":8},"end":{"line":668,"column":79}},"161":{"start":{"line":673,"column":8},"end":{"line":673,"column":56}},"162":{"start":{"line":677,"column":8},"end":{"line":677,"column":62}},"163":{"start":{"line":678,"column":8},"end":{"line":678,"column":98}},"164":{"start":{"line":680,"column":8},"end":{"line":680,"column":68}},"165":{"start":{"line":681,"column":8},"end":{"line":681,"column":43}},"166":{"start":{"line":684,"column":8},"end":{"line":684,"column":97}},"167":{"start":{"line":687,"column":8},"end":{"line":687,"column":105}},"168":{"start":{"line":689,"column":8},"end":{"line":689,"column":73}},"169":{"start":{"line":692,"column":8},"end":{"line":692,"column":25924}},"170":{"start":{"line":693,"column":12},"end":{"line":693,"column":89}},"171":{"start":{"line":694,"column":12},"end":{"line":694,"column":91}},"172":{"start":{"line":695,"column":12},"end":{"line":695,"column":71}},"173":{"start":{"line":702,"column":12},"end":{"line":702,"column":50}},"174":{"start":{"line":704,"column":12},"end":{"line":704,"column":60}},"175":{"start":{"line":705,"column":12},"end":{"line":705,"column":66}},"176":{"start":{"line":712,"column":12},"end":{"line":712,"column":50}},"177":{"start":{"line":714,"column":12},"end":{"line":714,"column":60}},"178":{"start":{"line":721,"column":8},"end":{"line":721,"column":36}},"179":{"start":{"line":723,"column":8},"end":{"line":723,"column":34}},"180":{"start":{"line":724,"column":8},"end":{"line":724,"column":77}},"181":{"start":{"line":729,"column":8},"end":{"line":729,"column":97}},"182":{"start":{"line":730,"column":8},"end":{"line":730,"column":66}},"183":{"start":{"line":731,"column":8},"end":{"line":731,"column":81}},"184":{"start":{"line":736,"column":8},"end":{"line":736,"column":46}},"185":{"start":{"line":740,"column":8},"end":{"line":740,"column":42}}},"branchMap":{"1":{"line":114,"type":"if","locations":[{"start":{"line":114,"column":8},"end":{"line":114,"column":8}},{"start":{"line":114,"column":8},"end":{"line":114,"column":8}}]},"2":{"line":119,"type":"if","locations":[{"start":{"line":119,"column":8},"end":{"line":119,"column":8}},{"start":{"line":119,"column":8},"end":{"line":119,"column":8}}]},"3":{"line":124,"type":"if","locations":[{"start":{"line":124,"column":8},"end":{"line":124,"column":8}},{"start":{"line":124,"column":8},"end":{"line":124,"column":8}}]},"4":{"line":131,"type":"if","locations":[{"start":{"line":131,"column":8},"end":{"line":131,"column":8}},{"start":{"line":131,"column":8},"end":{"line":131,"column":8}}]},"5":{"line":137,"type":"if","locations":[{"start":{"line":137,"column":8},"end":{"line":137,"column":8}},{"start":{"line":137,"column":8},"end":{"line":137,"column":8}}]},"6":{"line":138,"type":"if","locations":[{"start":{"line":138,"column":8},"end":{"line":138,"column":8}},{"start":{"line":138,"column":8},"end":{"line":138,"column":8}}]},"7":{"line":143,"type":"if","locations":[{"start":{"line":143,"column":8},"end":{"line":143,"column":8}},{"start":{"line":143,"column":8},"end":{"line":143,"column":8}}]},"8":{"line":154,"type":"if","locations":[{"start":{"line":154,"column":8},"end":{"line":154,"column":8}},{"start":{"line":154,"column":8},"end":{"line":154,"column":8}}]},"9":{"line":155,"type":"if","locations":[{"start":{"line":155,"column":8},"end":{"line":155,"column":8}},{"start":{"line":155,"column":8},"end":{"line":155,"column":8}}]},"10":{"line":159,"type":"if","locations":[{"start":{"line":159,"column":8},"end":{"line":159,"column":8}},{"start":{"line":159,"column":8},"end":{"line":159,"column":8}}]},"11":{"line":190,"type":"if","locations":[{"start":{"line":190,"column":8},"end":{"line":190,"column":8}},{"start":{"line":190,"column":8},"end":{"line":190,"column":8}}]},"12":{"line":190,"type":"cond-expr","locations":[{"start":{"line":190,"column":16},"end":{"line":190,"column":33}},{"start":{"line":190,"column":38},"end":{"line":190,"column":53}}]},"13":{"line":194,"type":"if","locations":[{"start":{"line":194,"column":98},"end":{"line":194,"column":98}},{"start":{"line":194,"column":98},"end":{"line":194,"column":98}}]},"14":{"line":195,"type":"if","locations":[{"start":{"line":195,"column":8},"end":{"line":195,"column":8}},{"start":{"line":195,"column":8},"end":{"line":195,"column":8}}]},"15":{"line":196,"type":"if","locations":[{"start":{"line":196,"column":8},"end":{"line":196,"column":8}},{"start":{"line":196,"column":8},"end":{"line":196,"column":8}}]},"16":{"line":197,"type":"if","locations":[{"start":{"line":197,"column":8},"end":{"line":197,"column":8}},{"start":{"line":197,"column":8},"end":{"line":197,"column":8}}]},"17":{"line":204,"type":"if","locations":[{"start":{"line":204,"column":8},"end":{"line":204,"column":8}},{"start":{"line":204,"column":8},"end":{"line":204,"column":8}}]},"18":{"line":205,"type":"if","locations":[{"start":{"line":205,"column":12},"end":{"line":205,"column":12}},{"start":{"line":205,"column":12},"end":{"line":205,"column":12}}]},"19":{"line":214,"type":"if","locations":[{"start":{"line":214,"column":86},"end":{"line":214,"column":86}},{"start":{"line":214,"column":86},"end":{"line":214,"column":86}}]},"20":{"line":215,"type":"if","locations":[{"start":{"line":215,"column":8},"end":{"line":215,"column":8}},{"start":{"line":215,"column":8},"end":{"line":215,"column":8}}]},"21":{"line":216,"type":"if","locations":[{"start":{"line":216,"column":8},"end":{"line":216,"column":8}},{"start":{"line":216,"column":8},"end":{"line":216,"column":8}}]},"22":{"line":230,"type":"if","locations":[{"start":{"line":230,"column":8},"end":{"line":230,"column":8}},{"start":{"line":230,"column":8},"end":{"line":230,"column":8}}]},"23":{"line":243,"type":"if","locations":[{"start":{"line":243,"column":8},"end":{"line":243,"column":8}},{"start":{"line":243,"column":8},"end":{"line":243,"column":8}}]},"24":{"line":269,"type":"if","locations":[{"start":{"line":269,"column":8},"end":{"line":269,"column":8}},{"start":{"line":269,"column":8},"end":{"line":269,"column":8}}]},"25":{"line":270,"type":"if","locations":[{"start":{"line":270,"column":8},"end":{"line":270,"column":8}},{"start":{"line":270,"column":8},"end":{"line":270,"column":8}}]},"26":{"line":271,"type":"if","locations":[{"start":{"line":271,"column":8},"end":{"line":271,"column":8}},{"start":{"line":271,"column":8},"end":{"line":271,"column":8}}]},"27":{"line":272,"type":"if","locations":[{"start":{"line":272,"column":8},"end":{"line":272,"column":8}},{"start":{"line":272,"column":8},"end":{"line":272,"column":8}}]},"28":{"line":273,"type":"if","locations":[{"start":{"line":273,"column":8},"end":{"line":273,"column":8}},{"start":{"line":273,"column":8},"end":{"line":273,"column":8}}]},"29":{"line":275,"type":"if","locations":[{"start":{"line":275,"column":8},"end":{"line":275,"column":8}},{"start":{"line":275,"column":8},"end":{"line":275,"column":8}}]},"30":{"line":276,"type":"if","locations":[{"start":{"line":276,"column":8},"end":{"line":276,"column":8}},{"start":{"line":276,"column":8},"end":{"line":276,"column":8}}]},"31":{"line":277,"type":"if","locations":[{"start":{"line":277,"column":8},"end":{"line":277,"column":8}},{"start":{"line":277,"column":8},"end":{"line":277,"column":8}}]},"32":{"line":278,"type":"if","locations":[{"start":{"line":278,"column":8},"end":{"line":278,"column":8}},{"start":{"line":278,"column":8},"end":{"line":278,"column":8}}]},"33":{"line":279,"type":"if","locations":[{"start":{"line":279,"column":8},"end":{"line":279,"column":8}},{"start":{"line":279,"column":8},"end":{"line":279,"column":8}}]},"34":{"line":316,"type":"if","locations":[{"start":{"line":316,"column":16},"end":{"line":316,"column":16}},{"start":{"line":316,"column":16},"end":{"line":316,"column":16}}]},"35":{"line":328,"type":"if","locations":[{"start":{"line":328,"column":8},"end":{"line":328,"column":8}},{"start":{"line":328,"column":8},"end":{"line":328,"column":8}}]},"36":{"line":332,"type":"if","locations":[{"start":{"line":332,"column":8},"end":{"line":332,"column":8}},{"start":{"line":332,"column":8},"end":{"line":332,"column":8}}]},"37":{"line":332,"type":"cond-expr","locations":[{"start":{"line":332,"column":12},"end":{"line":332,"column":32}},{"start":{"line":332,"column":37},"end":{"line":332,"column":57}}]},"38":{"line":335,"type":"if","locations":[{"start":{"line":335,"column":8},"end":{"line":335,"column":8}},{"start":{"line":335,"column":8},"end":{"line":335,"column":8}}]},"39":{"line":336,"type":"if","locations":[{"start":{"line":336,"column":8},"end":{"line":336,"column":8}},{"start":{"line":336,"column":8},"end":{"line":336,"column":8}}]},"40":{"line":356,"type":"if","locations":[{"start":{"line":356,"column":8},"end":{"line":356,"column":8}},{"start":{"line":356,"column":8},"end":{"line":356,"column":8}}]},"41":{"line":387,"type":"if","locations":[{"start":{"line":387,"column":8},"end":{"line":387,"column":8}},{"start":{"line":387,"column":8},"end":{"line":387,"column":8}}]},"42":{"line":389,"type":"if","locations":[{"start":{"line":389,"column":8},"end":{"line":389,"column":8}},{"start":{"line":389,"column":8},"end":{"line":389,"column":8}}]},"43":{"line":394,"type":"if","locations":[{"start":{"line":394,"column":8},"end":{"line":394,"column":8}},{"start":{"line":394,"column":8},"end":{"line":394,"column":8}}]},"44":{"line":396,"type":"if","locations":[{"start":{"line":396,"column":8},"end":{"line":396,"column":8}},{"start":{"line":396,"column":8},"end":{"line":396,"column":8}}]},"45":{"line":401,"type":"if","locations":[{"start":{"line":401,"column":8},"end":{"line":401,"column":8}},{"start":{"line":401,"column":8},"end":{"line":401,"column":8}}]},"46":{"line":402,"type":"if","locations":[{"start":{"line":402,"column":12},"end":{"line":402,"column":12}},{"start":{"line":402,"column":12},"end":{"line":402,"column":12}}]},"47":{"line":413,"type":"if","locations":[{"start":{"line":413,"column":90},"end":{"line":413,"column":90}},{"start":{"line":413,"column":90},"end":{"line":413,"column":90}}]},"48":{"line":428,"type":"if","locations":[{"start":{"line":428,"column":54},"end":{"line":428,"column":54}},{"start":{"line":428,"column":54},"end":{"line":428,"column":54}}]},"49":{"line":428,"type":"if","locations":[{"start":{"line":428,"column":67},"end":{"line":428,"column":67}},{"start":{"line":428,"column":67},"end":{"line":428,"column":67}}]},"50":{"line":428,"type":"if","locations":[{"start":{"line":428,"column":81},"end":{"line":428,"column":81}},{"start":{"line":428,"column":81},"end":{"line":428,"column":81}}]},"51":{"line":428,"type":"if","locations":[{"start":{"line":428,"column":92},"end":{"line":428,"column":92}},{"start":{"line":428,"column":92},"end":{"line":428,"column":92}}]},"52":{"line":428,"type":"if","locations":[{"start":{"line":428,"column":112},"end":{"line":428,"column":112}},{"start":{"line":428,"column":112},"end":{"line":428,"column":112}}]},"53":{"line":429,"type":"if","locations":[{"start":{"line":429,"column":8},"end":{"line":429,"column":8}},{"start":{"line":429,"column":8},"end":{"line":429,"column":8}}]},"54":{"line":432,"type":"if","locations":[{"start":{"line":432,"column":8},"end":{"line":432,"column":8}},{"start":{"line":432,"column":8},"end":{"line":432,"column":8}}]},"55":{"line":433,"type":"if","locations":[{"start":{"line":433,"column":8},"end":{"line":433,"column":8}},{"start":{"line":433,"column":8},"end":{"line":433,"column":8}}]},"56":{"line":434,"type":"if","locations":[{"start":{"line":434,"column":8},"end":{"line":434,"column":8}},{"start":{"line":434,"column":8},"end":{"line":434,"column":8}}]},"57":{"line":435,"type":"if","locations":[{"start":{"line":435,"column":8},"end":{"line":435,"column":8}},{"start":{"line":435,"column":8},"end":{"line":435,"column":8}}]},"58":{"line":438,"type":"if","locations":[{"start":{"line":438,"column":8},"end":{"line":438,"column":8}},{"start":{"line":438,"column":8},"end":{"line":438,"column":8}}]},"59":{"line":439,"type":"if","locations":[{"start":{"line":439,"column":8},"end":{"line":439,"column":8}},{"start":{"line":439,"column":8},"end":{"line":439,"column":8}}]},"60":{"line":442,"type":"if","locations":[{"start":{"line":442,"column":8},"end":{"line":442,"column":8}},{"start":{"line":442,"column":8},"end":{"line":442,"column":8}}]},"61":{"line":452,"type":"if","locations":[{"start":{"line":452,"column":8},"end":{"line":452,"column":8}},{"start":{"line":452,"column":8},"end":{"line":452,"column":8}}]},"62":{"line":463,"type":"if","locations":[{"start":{"line":463,"column":8},"end":{"line":463,"column":8}},{"start":{"line":463,"column":8},"end":{"line":463,"column":8}}]},"63":{"line":494,"type":"if","locations":[{"start":{"line":494,"column":39},"end":{"line":494,"column":39}},{"start":{"line":494,"column":39},"end":{"line":494,"column":39}}]},"64":{"line":494,"type":"if","locations":[{"start":{"line":494,"column":52},"end":{"line":494,"column":52}},{"start":{"line":494,"column":52},"end":{"line":494,"column":52}}]},"65":{"line":494,"type":"if","locations":[{"start":{"line":494,"column":66},"end":{"line":494,"column":66}},{"start":{"line":494,"column":66},"end":{"line":494,"column":66}}]},"66":{"line":498,"type":"if","locations":[{"start":{"line":498,"column":8},"end":{"line":498,"column":8}},{"start":{"line":498,"column":8},"end":{"line":498,"column":8}}]},"67":{"line":503,"type":"if","locations":[{"start":{"line":503,"column":8},"end":{"line":503,"column":8}},{"start":{"line":503,"column":8},"end":{"line":503,"column":8}}]},"68":{"line":519,"type":"if","locations":[{"start":{"line":519,"column":59},"end":{"line":519,"column":59}},{"start":{"line":519,"column":59},"end":{"line":519,"column":59}}]},"69":{"line":519,"type":"if","locations":[{"start":{"line":519,"column":69},"end":{"line":519,"column":69}},{"start":{"line":519,"column":69},"end":{"line":519,"column":69}}]},"70":{"line":519,"type":"if","locations":[{"start":{"line":519,"column":82},"end":{"line":519,"column":82}},{"start":{"line":519,"column":82},"end":{"line":519,"column":82}}]},"71":{"line":520,"type":"if","locations":[{"start":{"line":520,"column":8},"end":{"line":520,"column":8}},{"start":{"line":520,"column":8},"end":{"line":520,"column":8}}]},"72":{"line":525,"type":"if","locations":[{"start":{"line":525,"column":63},"end":{"line":525,"column":63}},{"start":{"line":525,"column":63},"end":{"line":525,"column":63}}]},"73":{"line":525,"type":"if","locations":[{"start":{"line":525,"column":73},"end":{"line":525,"column":73}},{"start":{"line":525,"column":73},"end":{"line":525,"column":73}}]},"74":{"line":525,"type":"if","locations":[{"start":{"line":525,"column":86},"end":{"line":525,"column":86}},{"start":{"line":525,"column":86},"end":{"line":525,"column":86}}]},"75":{"line":526,"type":"if","locations":[{"start":{"line":526,"column":8},"end":{"line":526,"column":8}},{"start":{"line":526,"column":8},"end":{"line":526,"column":8}}]},"76":{"line":531,"type":"if","locations":[{"start":{"line":531,"column":58},"end":{"line":531,"column":58}},{"start":{"line":531,"column":58},"end":{"line":531,"column":58}}]},"77":{"line":531,"type":"if","locations":[{"start":{"line":531,"column":68},"end":{"line":531,"column":68}},{"start":{"line":531,"column":68},"end":{"line":531,"column":68}}]},"78":{"line":531,"type":"if","locations":[{"start":{"line":531,"column":81},"end":{"line":531,"column":81}},{"start":{"line":531,"column":81},"end":{"line":531,"column":81}}]},"79":{"line":532,"type":"if","locations":[{"start":{"line":532,"column":8},"end":{"line":532,"column":8}},{"start":{"line":532,"column":8},"end":{"line":532,"column":8}}]},"80":{"line":544,"type":"if","locations":[{"start":{"line":544,"column":75},"end":{"line":544,"column":75}},{"start":{"line":544,"column":75},"end":{"line":544,"column":75}}]},"81":{"line":544,"type":"if","locations":[{"start":{"line":544,"column":85},"end":{"line":544,"column":85}},{"start":{"line":544,"column":85},"end":{"line":544,"column":85}}]},"82":{"line":544,"type":"if","locations":[{"start":{"line":544,"column":98},"end":{"line":544,"column":98}},{"start":{"line":544,"column":98},"end":{"line":544,"column":98}}]},"83":{"line":545,"type":"if","locations":[{"start":{"line":545,"column":8},"end":{"line":545,"column":8}},{"start":{"line":545,"column":8},"end":{"line":545,"column":8}}]},"84":{"line":546,"type":"if","locations":[{"start":{"line":546,"column":8},"end":{"line":546,"column":8}},{"start":{"line":546,"column":8},"end":{"line":546,"column":8}}]},"85":{"line":555,"type":"if","locations":[{"start":{"line":555,"column":12},"end":{"line":555,"column":12}},{"start":{"line":555,"column":12},"end":{"line":555,"column":12}}]},"86":{"line":556,"type":"if","locations":[{"start":{"line":556,"column":12},"end":{"line":556,"column":12}},{"start":{"line":556,"column":12},"end":{"line":556,"column":12}}]},"87":{"line":557,"type":"if","locations":[{"start":{"line":557,"column":12},"end":{"line":557,"column":12}},{"start":{"line":557,"column":12},"end":{"line":557,"column":12}}]},"88":{"line":559,"type":"if","locations":[{"start":{"line":559,"column":12},"end":{"line":559,"column":12}},{"start":{"line":559,"column":12},"end":{"line":559,"column":12}}]},"89":{"line":560,"type":"if","locations":[{"start":{"line":560,"column":16},"end":{"line":560,"column":16}},{"start":{"line":560,"column":16},"end":{"line":560,"column":16}}]},"90":{"line":565,"type":"if","locations":[{"start":{"line":565,"column":19},"end":{"line":565,"column":19}},{"start":{"line":565,"column":19},"end":{"line":565,"column":19}}]},"91":{"line":566,"type":"if","locations":[{"start":{"line":566,"column":16},"end":{"line":566,"column":16}},{"start":{"line":566,"column":16},"end":{"line":566,"column":16}}]},"92":{"line":572,"type":"if","locations":[{"start":{"line":572,"column":16},"end":{"line":572,"column":16}},{"start":{"line":572,"column":16},"end":{"line":572,"column":16}}]},"93":{"line":593,"type":"if","locations":[{"start":{"line":593,"column":8},"end":{"line":593,"column":8}},{"start":{"line":593,"column":8},"end":{"line":593,"column":8}}]},"94":{"line":625,"type":"if","locations":[{"start":{"line":625,"column":12},"end":{"line":625,"column":84}},{"start":{"line":625,"column":88},"end":{"line":625,"column":88}}]},"95":{"line":638,"type":"if","locations":[{"start":{"line":638,"column":90},"end":{"line":638,"column":90}},{"start":{"line":638,"column":90},"end":{"line":638,"column":90}}]},"96":{"line":639,"type":"if","locations":[{"start":{"line":639,"column":8},"end":{"line":639,"column":8}},{"start":{"line":639,"column":8},"end":{"line":639,"column":8}}]},"97":{"line":640,"type":"if","locations":[{"start":{"line":640,"column":8},"end":{"line":640,"column":8}},{"start":{"line":640,"column":8},"end":{"line":640,"column":8}}]},"98":{"line":644,"type":"if","locations":[{"start":{"line":644,"column":58},"end":{"line":644,"column":58}},{"start":{"line":644,"column":58},"end":{"line":644,"column":58}}]},"99":{"line":645,"type":"if","locations":[{"start":{"line":645,"column":8},"end":{"line":645,"column":8}},{"start":{"line":645,"column":8},"end":{"line":645,"column":8}}]},"100":{"line":653,"type":"if","locations":[{"start":{"line":653,"column":69},"end":{"line":653,"column":69}},{"start":{"line":653,"column":69},"end":{"line":653,"column":69}}]},"101":{"line":654,"type":"if","locations":[{"start":{"line":654,"column":8},"end":{"line":654,"column":8}},{"start":{"line":654,"column":8},"end":{"line":654,"column":8}}]},"102":{"line":658,"type":"if","locations":[{"start":{"line":658,"column":55},"end":{"line":658,"column":55}},{"start":{"line":658,"column":55},"end":{"line":658,"column":55}}]},"103":{"line":659,"type":"if","locations":[{"start":{"line":659,"column":8},"end":{"line":659,"column":8}},{"start":{"line":659,"column":8},"end":{"line":659,"column":8}}]},"104":{"line":665,"type":"if","locations":[{"start":{"line":665,"column":46},"end":{"line":665,"column":46}},{"start":{"line":665,"column":46},"end":{"line":665,"column":46}}]},"105":{"line":671,"type":"if","locations":[{"start":{"line":671,"column":49},"end":{"line":671,"column":49}},{"start":{"line":671,"column":49},"end":{"line":671,"column":49}}]},"106":{"line":676,"type":"if","locations":[{"start":{"line":676,"column":42},"end":{"line":676,"column":42}},{"start":{"line":676,"column":42},"end":{"line":676,"column":42}}]},"107":{"line":676,"type":"if","locations":[{"start":{"line":676,"column":52},"end":{"line":676,"column":52}},{"start":{"line":676,"column":52},"end":{"line":676,"column":52}}]},"108":{"line":676,"type":"if","locations":[{"start":{"line":676,"column":65},"end":{"line":676,"column":65}},{"start":{"line":676,"column":65},"end":{"line":676,"column":65}}]},"109":{"line":677,"type":"if","locations":[{"start":{"line":677,"column":8},"end":{"line":677,"column":8}},{"start":{"line":677,"column":8},"end":{"line":677,"column":8}}]},"110":{"line":678,"type":"if","locations":[{"start":{"line":678,"column":8},"end":{"line":678,"column":8}},{"start":{"line":678,"column":8},"end":{"line":678,"column":8}}]},"111":{"line":681,"type":"if","locations":[{"start":{"line":681,"column":8},"end":{"line":681,"column":8}},{"start":{"line":681,"column":8},"end":{"line":681,"column":8}}]},"112":{"line":687,"type":"if","locations":[{"start":{"line":687,"column":8},"end":{"line":687,"column":8}},{"start":{"line":687,"column":8},"end":{"line":687,"column":8}}]},"113":{"line":692,"type":"if","locations":[{"start":{"line":692,"column":8},"end":{"line":692,"column":8}},{"start":{"line":692,"column":8},"end":{"line":692,"column":8}}]},"114":{"line":720,"type":"if","locations":[{"start":{"line":720,"column":42},"end":{"line":720,"column":42}},{"start":{"line":720,"column":42},"end":{"line":720,"column":42}}]},"115":{"line":721,"type":"if","locations":[{"start":{"line":721,"column":8},"end":{"line":721,"column":8}},{"start":{"line":721,"column":8},"end":{"line":721,"column":8}}]}}},"contracts/fakeUSDT.sol":{"l":{"6":104},"path":"/Users/ball/Desktop/test_contract/cursor_hardhat_mml/mml_hardhat_contract-main/contracts/fakeUSDT.sol","s":{"1":104},"b":{},"f":{"1":104},"fnMap":{"1":{"name":"constructor","line":5,"loc":{"start":{"line":5,"column":4},"end":{"line":7,"column":4}}}},"statementMap":{"1":{"start":{"line":6,"column":8},"end":{"line":6,"column":42}}},"branchMap":{}},"contracts/FinanceLib.sol":{"l":{"22":214,"23":202,"25":4,"27":4,"29":4,"52":198,"54":198,"55":198,"57":198,"58":198,"59":198,"60":198,"61":198,"64":198,"66":198,"67":198,"68":198,"69":198,"70":198},"path":"/Users/ball/Desktop/test_contract/cursor_hardhat_mml/mml_hardhat_contract-main/contracts/FinanceLib.sol","s":{"1":214,"2":202,"3":12,"4":4,"5":8,"6":4,"7":4,"8":198,"9":198,"10":198,"11":198,"12":198,"13":198},"b":{"1":[202,12],"2":[4,8],"3":[4,4],"4":[198,0],"5":[198,0],"6":[198,0]},"f":{"1":214,"2":198},"fnMap":{"1":{"name":"getPlanShares","line":21,"loc":{"start":{"line":21,"column":4},"end":{"line":31,"column":4}}},"2":{"name":"distributeFunds","line":42,"loc":{"start":{"line":42,"column":4},"end":{"line":72,"column":4}}}},"statementMap":{"1":{"start":{"line":22,"column":8},"end":{"line":22,"column":777}},"2":{"start":{"line":23,"column":12},"end":{"line":23,"column":27}},"3":{"start":{"line":24,"column":15},"end":{"line":24,"column":842}},"4":{"start":{"line":25,"column":12},"end":{"line":25,"column":27}},"5":{"start":{"line":26,"column":15},"end":{"line":26,"column":907}},"6":{"start":{"line":27,"column":12},"end":{"line":27,"column":27}},"7":{"start":{"line":29,"column":12},"end":{"line":29,"column":27}},"8":{"start":{"line":52,"column":8},"end":{"line":52,"column":45}},"9":{"start":{"line":54,"column":8},"end":{"line":54,"column":95}},"10":{"start":{"line":55,"column":8},"end":{"line":55,"column":97}},"11":{"start":{"line":57,"column":8},"end":{"line":57,"column":25}},"12":{"start":{"line":58,"column":8},"end":{"line":58,"column":28}},"13":{"start":{"line":64,"column":8},"end":{"line":64,"column":85}}},"branchMap":{"1":{"line":22,"type":"if","locations":[{"start":{"line":22,"column":8},"end":{"line":22,"column":8}},{"start":{"line":22,"column":8},"end":{"line":22,"column":8}}]},"2":{"line":24,"type":"if","locations":[{"start":{"line":24,"column":15},"end":{"line":24,"column":15}},{"start":{"line":24,"column":15},"end":{"line":24,"column":15}}]},"3":{"line":26,"type":"if","locations":[{"start":{"line":26,"column":15},"end":{"line":26,"column":15}},{"start":{"line":26,"column":15},"end":{"line":26,"column":15}}]},"4":{"line":52,"type":"if","locations":[{"start":{"line":52,"column":8},"end":{"line":52,"column":8}},{"start":{"line":52,"column":8},"end":{"line":52,"column":8}}]},"5":{"line":55,"type":"if","locations":[{"start":{"line":55,"column":8},"end":{"line":55,"column":8}},{"start":{"line":55,"column":8},"end":{"line":55,"column":8}}]},"6":{"line":64,"type":"if","locations":[{"start":{"line":64,"column":8},"end":{"line":64,"column":8}},{"start":{"line":64,"column":8},"end":{"line":64,"column":8}}]}}},"contracts/NFTMetadataLib.sol":{"l":{"15":3332,"16":3331,"17":3331,"18":3331,"19":4799,"20":4799,"22":3331,"23":3331,"24":3331,"25":4799,"26":4799,"27":4799,"28":4799,"29":4799,"31":3331,"40":3,"41":3,"42":3,"44":2,"45":2,"46":2,"47":2,"49":2,"50":48,"53":48,"54":48,"55":48,"56":48,"57":48,"60":2,"61":1,"62":1,"63":1,"64":1,"65":1,"66":0,"67":0,"69":1,"70":1,"73":2},"path":"/Users/ball/Desktop/test_contract/cursor_hardhat_mml/mml_hardhat_contract-main/contracts/NFTMetadataLib.sol","s":{"1":3332,"2":1,"3":3331,"4":3331,"5":3331,"6":3331,"7":3331,"8":3331,"9":4799,"10":4799,"11":3331,"12":3,"13":3,"14":3,"15":1,"16":2,"17":2,"18":2,"19":2,"20":2,"21":48,"22":2,"23":1,"24":1,"25":1,"26":2},"b":{"1":[1,3331],"2":[1,2],"3":[1,1],"4":[0,1],"5":[0,1]},"f":{"1":3332,"2":3},"fnMap":{"1":{"name":"uint2str","line":14,"loc":{"start":{"line":14,"column":4},"end":{"line":32,"column":4}}},"2":{"name":"base64Encode","line":39,"loc":{"start":{"line":39,"column":4},"end":{"line":74,"column":4}}}},"statementMap":{"1":{"start":{"line":15,"column":8},"end":{"line":15,"column":31}},"2":{"start":{"line":15,"column":21},"end":{"line":15,"column":31}},"3":{"start":{"line":16,"column":8},"end":{"line":16,"column":22}},"4":{"start":{"line":17,"column":8},"end":{"line":17,"column":19}},"5":{"start":{"line":18,"column":8},"end":{"line":18,"column":464}},"6":{"start":{"line":22,"column":8},"end":{"line":22,"column":42}},"7":{"start":{"line":23,"column":8},"end":{"line":23,"column":23}},"8":{"start":{"line":24,"column":8},"end":{"line":24,"column":622}},"9":{"start":{"line":26,"column":12},"end":{"line":26,"column":56}},"10":{"start":{"line":27,"column":12},"end":{"line":27,"column":36}},"11":{"start":{"line":31,"column":8},"end":{"line":31,"column":27}},"12":{"start":{"line":40,"column":8},"end":{"line":40,"column":96}},"13":{"start":{"line":41,"column":8},"end":{"line":41,"column":33}},"14":{"start":{"line":42,"column":8},"end":{"line":42,"column":31}},"15":{"start":{"line":42,"column":22},"end":{"line":42,"column":31}},"16":{"start":{"line":44,"column":8},"end":{"line":44,"column":48}},"17":{"start":{"line":45,"column":8},"end":{"line":45,"column":51}},"18":{"start":{"line":46,"column":8},"end":{"line":46,"column":17}},"19":{"start":{"line":47,"column":8},"end":{"line":47,"column":21}},"20":{"start":{"line":49,"column":8},"end":{"line":49,"column":1416}},"21":{"start":{"line":50,"column":12},"end":{"line":50,"column":1502}},"22":{"start":{"line":60,"column":8},"end":{"line":60,"column":1895}},"23":{"start":{"line":61,"column":12},"end":{"line":61,"column":55}},"24":{"start":{"line":62,"column":12},"end":{"line":62,"column":68}},"25":{"start":{"line":65,"column":12},"end":{"line":65,"column":2169}},"26":{"start":{"line":73,"column":8},"end":{"line":73,"column":29}}},"branchMap":{"1":{"line":15,"type":"if","locations":[{"start":{"line":15,"column":8},"end":{"line":15,"column":8}},{"start":{"line":15,"column":8},"end":{"line":15,"column":8}}]},"2":{"line":42,"type":"if","locations":[{"start":{"line":42,"column":8},"end":{"line":42,"column":8}},{"start":{"line":42,"column":8},"end":{"line":42,"column":8}}]},"3":{"line":60,"type":"if","locations":[{"start":{"line":60,"column":8},"end":{"line":60,"column":8}},{"start":{"line":60,"column":8},"end":{"line":60,"column":8}}]},"4":{"line":62,"type":"if","locations":[{"start":{"line":62,"column":12},"end":{"line":62,"column":12}},{"start":{"line":62,"column":12},"end":{"line":62,"column":12}}]},"5":{"line":65,"type":"if","locations":[{"start":{"line":65,"column":12},"end":{"line":65,"column":12}},{"start":{"line":65,"column":12},"end":{"line":65,"column":12}}]}}},"contracts/test/FinanceLibTester.sol":{"l":{"8":16,"21":1},"path":"/Users/ball/Desktop/test_contract/cursor_hardhat_mml/mml_hardhat_contract-main/contracts/test/FinanceLibTester.sol","s":{"1":16,"2":1},"b":{},"f":{"1":16,"2":1},"fnMap":{"1":{"name":"testGetPlanShares","line":7,"loc":{"start":{"line":7,"column":4},"end":{"line":9,"column":4}}},"2":{"name":"testDistributeFunds","line":11,"loc":{"start":{"line":11,"column":4},"end":{"line":22,"column":4}}}},"statementMap":{"1":{"start":{"line":8,"column":8},"end":{"line":8,"column":47}},"2":{"start":{"line":21,"column":8},"end":{"line":21,"column":66}}},"branchMap":{}},"contracts/test/NFTMetadataLibTester.sol":{"l":{"8":3,"12":2},"path":"/Users/ball/Desktop/test_contract/cursor_hardhat_mml/mml_hardhat_contract-main/contracts/test/NFTMetadataLibTester.sol","s":{"1":3,"2":2},"b":{},"f":{"1":3,"2":2},"fnMap":{"1":{"name":"testUint2str","line":7,"loc":{"start":{"line":7,"column":4},"end":{"line":9,"column":4}}},"2":{"name":"testBase64Encode","line":11,"loc":{"start":{"line":11,"column":4},"end":{"line":13,"column":4}}}},"statementMap":{"1":{"start":{"line":8,"column":8},"end":{"line":8,"column":42}},"2":{"start":{"line":12,"column":8},"end":{"line":12,"column":48}}},"branchMap":{}}}